Unity Editor version:    2021.3.6f1 (7da38d85baf6)
Branch:                  2021.3/staging
Build type:              Release
Batch mode:              YES
macOS version:           Version 12.3.1 (Build 21E258)
Darwin version:          21.4.0
Architecture:            x86_64
Running under Rosetta:   NO
Available memory:        16384 MB
Using pre-set license
Pro License: YES

COMMAND LINE ARGUMENTS:
/Applications/Unity/Hub/Editor/2021.3.6f1/Unity.app/Contents/MacOS/Unity
-adb2
-batchMode
-noUpm
-name
AssetImportWorker0
-projectPath
/Users/samanthazak/2022SystemsFinalSam/TheDescender
-logFile
Logs/AssetImportWorker0.log
-srvPort
61154
Successfully changed project path to: /Users/samanthazak/2022SystemsFinalSam/TheDescender
/Users/samanthazak/2022SystemsFinalSam/TheDescender
[UnityMemory] Configuration Parameters - Can be set up in boot.config
    "memorysetup-bucket-allocator-granularity=16"
    "memorysetup-bucket-allocator-bucket-count=8"
    "memorysetup-bucket-allocator-block-size=33554432"
    "memorysetup-bucket-allocator-block-count=8"
    "memorysetup-main-allocator-block-size=16777216"
    "memorysetup-thread-allocator-block-size=16777216"
    "memorysetup-gfx-main-allocator-block-size=16777216"
    "memorysetup-gfx-thread-allocator-block-size=16777216"
    "memorysetup-cache-allocator-block-size=4194304"
    "memorysetup-typetree-allocator-block-size=2097152"
    "memorysetup-profiler-bucket-allocator-granularity=16"
    "memorysetup-profiler-bucket-allocator-bucket-count=8"
    "memorysetup-profiler-bucket-allocator-block-size=33554432"
    "memorysetup-profiler-bucket-allocator-block-count=8"
    "memorysetup-profiler-allocator-block-size=16777216"
    "memorysetup-profiler-editor-allocator-block-size=1048576"
    "memorysetup-temp-allocator-size-main=16777216"
    "memorysetup-job-temp-allocator-block-size=2097152"
    "memorysetup-job-temp-allocator-block-size-background=1048576"
    "memorysetup-job-temp-allocator-reduction-small-platforms=262144"
    "memorysetup-temp-allocator-size-background-worker=32768"
    "memorysetup-temp-allocator-size-job-worker=262144"
    "memorysetup-temp-allocator-size-preload-manager=33554432"
    "memorysetup-temp-allocator-size-nav-mesh-worker=65536"
    "memorysetup-temp-allocator-size-audio-worker=65536"
    "memorysetup-temp-allocator-size-cloud-worker=32768"
    "memorysetup-temp-allocator-size-gi-baking-worker=262144"
    "memorysetup-temp-allocator-size-gfx=262144"
Refreshing native plugins compatible for Editor in 184.08 ms, found 3 plugins.
Preloading 0 native plugins for Editor in 0.00 ms.
Initialize engine version: 2021.3.6f1 (7da38d85baf6)
[Subsystems] Discovering subsystems at path /Applications/Unity/Hub/Editor/2021.3.6f1/Unity.app/Contents/Resources/UnitySubsystems
[Subsystems] Discovering subsystems at path /Users/samanthazak/2022SystemsFinalSam/TheDescender/Assets
GfxDevice: creating device client; threaded=0; jobified=0
Color LCD preferred device: AMD Radeon Pro 555X (high power)
Metal devices available: 2
0: AMD Radeon Pro 555X (high power)
1: Intel(R) UHD Graphics 630 (low power)
Using device AMD Radeon Pro 555X (high power)
Initializing Metal device caps: AMD Radeon Pro 555X
Initialize mono
Mono path[0] = '/Applications/Unity/Hub/Editor/2021.3.6f1/Unity.app/Contents/Managed'
Mono path[1] = '/Applications/Unity/Hub/Editor/2021.3.6f1/Unity.app/Contents/MonoBleedingEdge/lib/mono/unityjit-macos'
Mono config path = '/Applications/Unity/Hub/Editor/2021.3.6f1/Unity.app/Contents/MonoBleedingEdge/etc'
Using monoOptions --debugger-agent=transport=dt_socket,embedding=1,server=y,suspend=n,address=127.0.0.1:56202
Begin MonoManager ReloadAssembly
Registering precompiled unity dll's ...
Register platform support module: /Applications/Unity/Hub/Editor/2021.3.6f1/PlaybackEngines/WebGLSupport/UnityEditor.WebGL.Extensions.dll
Register platform support module: /Applications/Unity/Hub/Editor/2021.3.6f1/Unity.app/Contents/PlaybackEngines/MacStandaloneSupport/UnityEditor.OSXStandalone.Extensions.dll
Registered in 0.002840 seconds.
Native extension for OSXStandalone target not found
Native extension for WebGL target not found
Refreshing native plugins compatible for Editor in 135.38 ms, found 3 plugins.
Preloading 0 native plugins for Editor in 0.00 ms.
Mono: successfully reloaded assembly
- Completed reload, in  0.871 seconds
Domain Reload Profiling:
	ReloadAssembly (871ms)
		BeginReloadAssembly (151ms)
			ExecutionOrderSort (0ms)
			DisableScriptedObjects (0ms)
			BackupInstance (0ms)
			ReleaseScriptingObjects (0ms)
			CreateAndSetChildDomain (1ms)
		EndReloadAssembly (586ms)
			LoadAssemblies (153ms)
			RebuildTransferFunctionScriptingTraits (0ms)
			SetupTypeCache (135ms)
			ReleaseScriptCaches (0ms)
			RebuildScriptCaches (37ms)
			SetupLoadedEditorAssemblies (358ms)
				LogAssemblyErrors (0ms)
				InitializePlatformSupportModulesInManaged (8ms)
				SetLoadedEditorAssemblies (0ms)
				RefreshPlugins (135ms)
				BeforeProcessingInitializeOnLoad (1ms)
				ProcessInitializeOnLoadAttributes (163ms)
				ProcessInitializeOnLoadMethodAttributes (50ms)
				AfterProcessingInitializeOnLoad (0ms)
				EditorAssembliesLoaded (0ms)
			ExecutionOrderSort2 (0ms)
			AwakeInstancesAfterBackupRestoration (0ms)
Platform modules already initialized, skipping
Registering precompiled user dll's ...
Registered in 0.011903 seconds.
Begin MonoManager ReloadAssembly
Symbol file LoadedFromMemory doesn't match image /Users/samanthazak/2022SystemsFinalSam/TheDescender/Library/PackageCache/com.unity.visualscripting@1.7.8/Editor/VisualScripting.Core/Dependencies/DotNetZip/Unity.VisualScripting.IonicZip.dll
Symbol file LoadedFromMemory doesn't match image /Users/samanthazak/2022SystemsFinalSam/TheDescender/Library/PackageCache/com.unity.visualscripting@1.7.8/Editor/VisualScripting.Core/Dependencies/YamlDotNet/Unity.VisualScripting.YamlDotNet.dll
Native extension for OSXStandalone target not found
Native extension for WebGL target not found
Refreshing native plugins compatible for Editor in 137.19 ms, found 3 plugins.
Preloading 0 native plugins for Editor in 0.00 ms.
Package Manager log level set to [2]
Mono: successfully reloaded assembly
- Completed reload, in  2.765 seconds
Domain Reload Profiling:
	ReloadAssembly (2766ms)
		BeginReloadAssembly (544ms)
			ExecutionOrderSort (0ms)
			DisableScriptedObjects (8ms)
			BackupInstance (0ms)
			ReleaseScriptingObjects (0ms)
			CreateAndSetChildDomain (28ms)
		EndReloadAssembly (2064ms)
			LoadAssemblies (1110ms)
			RebuildTransferFunctionScriptingTraits (0ms)
			SetupTypeCache (384ms)
			ReleaseScriptCaches (1ms)
			RebuildScriptCaches (88ms)
			SetupLoadedEditorAssemblies (839ms)
				LogAssemblyErrors (0ms)
				InitializePlatformSupportModulesInManaged (4ms)
				SetLoadedEditorAssemblies (0ms)
				RefreshPlugins (137ms)
				BeforeProcessingInitializeOnLoad (142ms)
				ProcessInitializeOnLoadAttributes (326ms)
				ProcessInitializeOnLoadMethodAttributes (228ms)
				AfterProcessingInitializeOnLoad (1ms)
				EditorAssembliesLoaded (0ms)
			ExecutionOrderSort2 (0ms)
			AwakeInstancesAfterBackupRestoration (5ms)
Platform modules already initialized, skipping
========================================================================
Worker process is ready to serve import requests
Launching external process: /Applications/Unity/Hub/Editor/2021.3.6f1/Unity.app/Contents/Tools/UnityShaderCompiler
Launched and connected shader compiler UnityShaderCompiler after 0.07 seconds
Refreshing native plugins compatible for Editor in 1.11 ms, found 3 plugins.
Preloading 0 native plugins for Editor in 0.00 ms.
Unloading 6076 Unused Serialized files (Serialized files now loaded: 0)
Unloading 79 unused Assets / (462.0 KB). Loaded Objects now: 6494.
Memory consumption went from 357.5 MB to 357.0 MB.
Total: 9.314762 ms (FindLiveObjects: 0.576498 ms CreateObjectMapping: 0.473806 ms MarkObjects: 7.911661 ms  DeleteObjects: 0.351704 ms)

AssetImportParameters requested are different than current active one (requested -> active):
  custom:video-decoder-ogg-theora: a1e56fd34408186e4bbccfd4996cb3dc -> 
  custom:container-muxer-webm: aa71ff27fc2769a1b78a27578f13a17b -> 
  custom:container-demuxer-webm: 4f35f7cbe854078d1ac9338744f61a02 -> 
  custom:video-encoder-webm-vp8: eb34c28f22e8b96e1ab97ce403110664 -> 
  custom:framework-osx-AVFoundation: e770b220cccbd017edd2c1fefb359320 -> 
  custom:audio-encoder-webm-vorbis: bf7c407c2cedff20999df2af8eb42d56 -> 
  custom:container-demuxer-ogg: 62fdf1f143b41e24485cea50d1cbac27 -> 
  custom:video-decoder-webm-vp8: 9c59270c3fd7afecdb556c50c9e8de78 -> 
  custom:audio-decoder-ogg-vorbis: bf7c407c2cedff20999df2af8eb42d56 -> 
========================================================================
Received Import Request.
  Time since last request: 346934.339209 seconds.
  path: Assets/Assets/TILES/Cave/floorcave.psd
  artifactKey: Guid(b66b42966ce864c829b8f3a415cbf76e) Importer(815301076,1909f56bfc062723c751e8b465ee728b)
Start importing Assets/Assets/TILES/Cave/floorcave.psd using Guid(b66b42966ce864c829b8f3a415cbf76e) Importer(815301076,1909f56bfc062723c751e8b465ee728b)  -> (artifact id: 'd7cd936d4cb0d0cd31fa57a60186f411') in 0.373291 seconds 
========================================================================
Received Import Request.
  Time since last request: 6.644957 seconds.
  path: Assets/Assets/TILES/Cave/floorcave.psd
  artifactKey: Guid(b66b42966ce864c829b8f3a415cbf76e) Importer(815301076,1909f56bfc062723c751e8b465ee728b)
Start importing Assets/Assets/TILES/Cave/floorcave.psd using Guid(b66b42966ce864c829b8f3a415cbf76e) Importer(815301076,1909f56bfc062723c751e8b465ee728b)  -> (artifact id: '2e17b14304212712862e758a3cc63361') in 0.010947 seconds 
========================================================================
Received Import Request.
  Time since last request: 10.167810 seconds.
  path: Assets/Assets/TILES/Cave/floorcave.psd
  artifactKey: Guid(b66b42966ce864c829b8f3a415cbf76e) Importer(815301076,1909f56bfc062723c751e8b465ee728b)
Start importing Assets/Assets/TILES/Cave/floorcave.psd using Guid(b66b42966ce864c829b8f3a415cbf76e) Importer(815301076,1909f56bfc062723c751e8b465ee728b)  -> (artifact id: 'bac7f4f46581b6bd1b271f40c33dbbde') in 0.024101 seconds 
========================================================================
Received Import Request.
  Time since last request: 24.370371 seconds.
  path: Assets/Assets/TILES/Cave/Cave.prefab
  artifactKey: Guid(af80a45fc68de43f0929e5081ab6788d) Importer(815301076,1909f56bfc062723c751e8b465ee728b)
Start importing Assets/Assets/TILES/Cave/Cave.prefab using Guid(af80a45fc68de43f0929e5081ab6788d) Importer(815301076,1909f56bfc062723c751e8b465ee728b)  -> (artifact id: 'cac06c010239b5151e32fb70be14903c') in 0.410808 seconds 
========================================================================
Received Import Request.
  Time since last request: 4.897729 seconds.
  path: Assets/Assets/TILES/Cave/Cave.prefab
  artifactKey: Guid(af80a45fc68de43f0929e5081ab6788d) Importer(815301076,1909f56bfc062723c751e8b465ee728b)
Start importing Assets/Assets/TILES/Cave/Cave.prefab using Guid(af80a45fc68de43f0929e5081ab6788d) Importer(815301076,1909f56bfc062723c751e8b465ee728b)  -> (artifact id: 'f2f668f27dfb186dffbd13ba034a354d') in 0.023273 seconds 
========================================================================
Received Import Request.
  Time since last request: 2506.122009 seconds.
  path: Assets/Assets/TILES/Cave/floorcave.psd
  artifactKey: Guid(b66b42966ce864c829b8f3a415cbf76e) Importer(815301076,1909f56bfc062723c751e8b465ee728b)
Start importing Assets/Assets/TILES/Cave/floorcave.psd using Guid(b66b42966ce864c829b8f3a415cbf76e) Importer(815301076,1909f56bfc062723c751e8b465ee728b)  -> (artifact id: '199f2457894d483c746254022cde533c') in 0.028626 seconds 
========================================================================
Received Import Request.
  Time since last request: 33.934650 seconds.
  path: Assets/Assets/TILES/Cave/CaveFloor.prefab
  artifactKey: Guid(9057f4e79b91d4626bccc4b074927bfa) Importer(815301076,1909f56bfc062723c751e8b465ee728b)
Start importing Assets/Assets/TILES/Cave/CaveFloor.prefab using Guid(9057f4e79b91d4626bccc4b074927bfa) Importer(815301076,1909f56bfc062723c751e8b465ee728b)  -> (artifact id: '481790648b459978bd60a0013b704dca') in 0.023431 seconds 
========================================================================
Received Import Request.
  Time since last request: 4.092192 seconds.
  path: Assets/Assets/TILES/Cave/CaveFloor.prefab
  artifactKey: Guid(9057f4e79b91d4626bccc4b074927bfa) Importer(815301076,1909f56bfc062723c751e8b465ee728b)
Start importing Assets/Assets/TILES/Cave/CaveFloor.prefab using Guid(9057f4e79b91d4626bccc4b074927bfa) Importer(815301076,1909f56bfc062723c751e8b465ee728b)  -> (artifact id: 'dab589f75112a43982b499ca9ae91161') in 0.021860 seconds 
========================================================================
Received Import Request.
  Time since last request: 18.601323 seconds.
  path: Assets/Assets/TILES/Cave/floorcave.psd
  artifactKey: Guid(b66b42966ce864c829b8f3a415cbf76e) Importer(815301076,1909f56bfc062723c751e8b465ee728b)
Start importing Assets/Assets/TILES/Cave/floorcave.psd using Guid(b66b42966ce864c829b8f3a415cbf76e) Importer(815301076,1909f56bfc062723c751e8b465ee728b)  -> (artifact id: 'df679e7c99712f99f30b8a26f4938ec5') in 0.036317 seconds 
========================================================================
Received Import Request.
  Time since last request: 0.000090 seconds.
  path: Assets/Assets/TILES/Cave/floorcave.asset
  artifactKey: Guid(77f54cb2666fe48e0ae2408609207192) Importer(815301076,1909f56bfc062723c751e8b465ee728b)
Start importing Assets/Assets/TILES/Cave/floorcave.asset using Guid(77f54cb2666fe48e0ae2408609207192) Importer(815301076,1909f56bfc062723c751e8b465ee728b)  -> (artifact id: '96ad5db976ac8d10bbe65854fd37c83c') in 0.117087 seconds 
========================================================================
Received Import Request.
  Time since last request: 90.935038 seconds.
  path: Assets/Assets/TILES/CaveCollision/cavedetails.psd
  artifactKey: Guid(c7318e4318b634c258705b8e0e9d4fa7) Importer(815301076,1909f56bfc062723c751e8b465ee728b)
Start importing Assets/Assets/TILES/CaveCollision/cavedetails.psd using Guid(c7318e4318b634c258705b8e0e9d4fa7) Importer(815301076,1909f56bfc062723c751e8b465ee728b)  -> (artifact id: '83ae70ab9c98ccc5d3b5be44fb3acce2') in 0.032544 seconds 
========================================================================
Received Import Request.
  Time since last request: 13.616004 seconds.
  path: Assets/Assets/TILES/CaveCollision/cavedetails.psd
  artifactKey: Guid(c7318e4318b634c258705b8e0e9d4fa7) Importer(815301076,1909f56bfc062723c751e8b465ee728b)
Start importing Assets/Assets/TILES/CaveCollision/cavedetails.psd using Guid(c7318e4318b634c258705b8e0e9d4fa7) Importer(815301076,1909f56bfc062723c751e8b465ee728b)  -> (artifact id: '4b587046e5c15c794fe655201c376088') in 0.016933 seconds 
========================================================================
Received Import Request.
  Time since last request: 9.649923 seconds.
  path: Assets/Assets/TILES/CaveCollision/cavedetails.psd
  artifactKey: Guid(c7318e4318b634c258705b8e0e9d4fa7) Importer(815301076,1909f56bfc062723c751e8b465ee728b)
Start importing Assets/Assets/TILES/CaveCollision/cavedetails.psd using Guid(c7318e4318b634c258705b8e0e9d4fa7) Importer(815301076,1909f56bfc062723c751e8b465ee728b)  -> (artifact id: 'cc4dce3b716aa00cc71716f2c766ae3d') in 0.083095 seconds 
========================================================================
Received Import Request.
  Time since last request: 19.644025 seconds.
  path: Assets/Assets/TILES/CaveCollision/Cavewallsfunky.prefab
  artifactKey: Guid(4b4ff51d3f42845d0921644ce61cf0ce) Importer(815301076,1909f56bfc062723c751e8b465ee728b)
Start importing Assets/Assets/TILES/CaveCollision/Cavewallsfunky.prefab using Guid(4b4ff51d3f42845d0921644ce61cf0ce) Importer(815301076,1909f56bfc062723c751e8b465ee728b)  -> (artifact id: '84490bde8fdf7753ebe2fd2527d05506') in 0.036071 seconds 
========================================================================
Received Import Request.
  Time since last request: 6.152765 seconds.
  path: Assets/Assets/TILES/CaveCollision/cavedetails_0.asset
  artifactKey: Guid(25d5b087d39fc4e17ab497dd73f6dc01) Importer(815301076,1909f56bfc062723c751e8b465ee728b)
Start importing Assets/Assets/TILES/CaveCollision/cavedetails_0.asset using Guid(25d5b087d39fc4e17ab497dd73f6dc01) Importer(815301076,1909f56bfc062723c751e8b465ee728b)  -> (artifact id: '4866b42cd1f14cde9d274c2f419c1495') in 0.010597 seconds 
========================================================================
Received Import Request.
  Time since last request: 0.000080 seconds.
  path: Assets/Assets/TILES/CaveCollision/Cavewallsfunky.prefab
  artifactKey: Guid(4b4ff51d3f42845d0921644ce61cf0ce) Importer(815301076,1909f56bfc062723c751e8b465ee728b)
Start importing Assets/Assets/TILES/CaveCollision/Cavewallsfunky.prefab using Guid(4b4ff51d3f42845d0921644ce61cf0ce) Importer(815301076,1909f56bfc062723c751e8b465ee728b)  -> (artifact id: '5bc656b8f16e818838f34710296f3b81') in 0.023444 seconds 
========================================================================
Received Import Request.
  Time since last request: 0.000102 seconds.
  path: Assets/Assets/TILES/CaveCollision/cavedetails_3.asset
  artifactKey: Guid(6a8553a739e2947a8a88e6fd20a88233) Importer(815301076,1909f56bfc062723c751e8b465ee728b)
Start importing Assets/Assets/TILES/CaveCollision/cavedetails_3.asset using Guid(6a8553a739e2947a8a88e6fd20a88233) Importer(815301076,1909f56bfc062723c751e8b465ee728b)  -> (artifact id: '7164af0a0bf0ccbbbf8610e0ab4014a7') in 0.012822 seconds 
========================================================================
Received Import Request.
  Time since last request: 0.000079 seconds.
  path: Assets/Assets/TILES/CaveCollision/cavedetails_2.asset
  artifactKey: Guid(479473e8326c442e58e2776bf748e95d) Importer(815301076,1909f56bfc062723c751e8b465ee728b)
Start importing Assets/Assets/TILES/CaveCollision/cavedetails_2.asset using Guid(479473e8326c442e58e2776bf748e95d) Importer(815301076,1909f56bfc062723c751e8b465ee728b)  -> (artifact id: '097578f0160f994cde1abd72c2ae160e') in 0.012518 seconds 
========================================================================
Received Import Request.
  Time since last request: 0.000082 seconds.
  path: Assets/Assets/TILES/CaveCollision/cavedetails_5.asset
  artifactKey: Guid(8d61fabfd4efe4f3e98430ee5231a95b) Importer(815301076,1909f56bfc062723c751e8b465ee728b)
Start importing Assets/Assets/TILES/CaveCollision/cavedetails_5.asset using Guid(8d61fabfd4efe4f3e98430ee5231a95b) Importer(815301076,1909f56bfc062723c751e8b465ee728b)  -> (artifact id: 'b7538fbf2bb2a337b76c3dd69980c5f9') in 0.025258 seconds 
========================================================================
Received Import Request.
  Time since last request: 0.000270 seconds.
  path: Assets/Assets/TILES/CaveCollision/cavedetails_6.asset
  artifactKey: Guid(a7ba896cd166a41e1a3f0b540f97aa22) Importer(815301076,1909f56bfc062723c751e8b465ee728b)
Start importing Assets/Assets/TILES/CaveCollision/cavedetails_6.asset using Guid(a7ba896cd166a41e1a3f0b540f97aa22) Importer(815301076,1909f56bfc062723c751e8b465ee728b)  -> (artifact id: 'aa33fe76c05164f2d0dc5186701e3f33') in 0.020732 seconds 
========================================================================
Received Import Request.
  Time since last request: 444.659201 seconds.
  path: Assets/Assets/TILES/CaveCollision/mosscavefiller.asset
  artifactKey: Guid(a2add397ddcde4e9eaf8f78f0b65701f) Importer(815301076,1909f56bfc062723c751e8b465ee728b)
Start importing Assets/Assets/TILES/CaveCollision/mosscavefiller.asset using Guid(a2add397ddcde4e9eaf8f78f0b65701f) Importer(815301076,1909f56bfc062723c751e8b465ee728b)  -> (artifact id: '56186df55c8d8cf8e8b95c0fd7f4ffe1') in 0.013715 seconds 
========================================================================
Received Prepare
Registering precompiled user dll's ...
Registered in 0.016245 seconds.
Begin MonoManager ReloadAssembly
Symbol file LoadedFromMemory doesn't match image /Users/samanthazak/2022SystemsFinalSam/TheDescender/Library/PackageCache/com.unity.visualscripting@1.7.8/Editor/VisualScripting.Core/Dependencies/DotNetZip/Unity.VisualScripting.IonicZip.dll
Symbol file LoadedFromMemory doesn't match image /Users/samanthazak/2022SystemsFinalSam/TheDescender/Library/PackageCache/com.unity.visualscripting@1.7.8/Editor/VisualScripting.Core/Dependencies/YamlDotNet/Unity.VisualScripting.YamlDotNet.dll
Native extension for OSXStandalone target not found
Native extension for WebGL target not found
Refreshing native plugins compatible for Editor in 2.56 ms, found 3 plugins.
Preloading 0 native plugins for Editor in 0.00 ms.
Mono: successfully reloaded assembly
- Completed reload, in  4.687 seconds
Domain Reload Profiling:
	ReloadAssembly (4689ms)
		BeginReloadAssembly (579ms)
			ExecutionOrderSort (0ms)
			DisableScriptedObjects (30ms)
			BackupInstance (0ms)
			ReleaseScriptingObjects (0ms)
			CreateAndSetChildDomain (179ms)
		EndReloadAssembly (3763ms)
			LoadAssemblies (652ms)
			RebuildTransferFunctionScriptingTraits (2ms)
			SetupTypeCache (1052ms)
			ReleaseScriptCaches (4ms)
			RebuildScriptCaches (185ms)
			SetupLoadedEditorAssemblies (1708ms)
				LogAssemblyErrors (0ms)
				InitializePlatformSupportModulesInManaged (29ms)
				SetLoadedEditorAssemblies (2ms)
				RefreshPlugins (3ms)
				BeforeProcessingInitializeOnLoad (269ms)
				ProcessInitializeOnLoadAttributes (830ms)
				ProcessInitializeOnLoadMethodAttributes (572ms)
				AfterProcessingInitializeOnLoad (3ms)
				EditorAssembliesLoaded (0ms)
			ExecutionOrderSort2 (0ms)
			AwakeInstancesAfterBackupRestoration (40ms)
Platform modules already initialized, skipping
Refreshing native plugins compatible for Editor in 12.67 ms, found 3 plugins.
Preloading 0 native plugins for Editor in 0.00 ms.
Unloading 5953 Unused Serialized files (Serialized files now loaded: 0)
Unloading 66 unused Assets / (439.2 KB). Loaded Objects now: 6556.
Memory consumption went from 368.9 MB to 368.5 MB.
Total: 22.279239 ms (FindLiveObjects: 0.998004 ms CreateObjectMapping: 0.926499 ms MarkObjects: 19.636396 ms  DeleteObjects: 0.716148 ms)

AssetImportParameters requested are different than current active one (requested -> active):
  custom:video-decoder-ogg-theora: a1e56fd34408186e4bbccfd4996cb3dc -> 
  custom:container-muxer-webm: aa71ff27fc2769a1b78a27578f13a17b -> 
  custom:container-demuxer-webm: 4f35f7cbe854078d1ac9338744f61a02 -> 
  custom:video-encoder-webm-vp8: eb34c28f22e8b96e1ab97ce403110664 -> 
  custom:framework-osx-AVFoundation: e770b220cccbd017edd2c1fefb359320 -> 
  custom:audio-encoder-webm-vorbis: bf7c407c2cedff20999df2af8eb42d56 -> 
  custom:container-demuxer-ogg: 62fdf1f143b41e24485cea50d1cbac27 -> 
  custom:video-decoder-webm-vp8: 9c59270c3fd7afecdb556c50c9e8de78 -> 
  custom:audio-decoder-ogg-vorbis: bf7c407c2cedff20999df2af8eb42d56 -> 
