Unity Editor version:    2021.3.6f1 (7da38d85baf6)
Branch:                  2021.3/staging
Build type:              Release
Batch mode:              YES
macOS version:           Version 12.3.1 (Build 21E258)
Darwin version:          21.4.0
Architecture:            x86_64
Running under Rosetta:   NO
Available memory:        16384 MB
Using pre-set license
Pro License: YES

COMMAND LINE ARGUMENTS:
/Applications/Unity/Hub/Editor/2021.3.6f1/Unity.app/Contents/MacOS/Unity
-adb2
-batchMode
-noUpm
-name
AssetImportWorker3
-projectPath
/Users/samanthazak/2022SystemsFinalSam/TheDescender
-logFile
Logs/AssetImportWorker3.log
-srvPort
59922
Successfully changed project path to: /Users/samanthazak/2022SystemsFinalSam/TheDescender
/Users/samanthazak/2022SystemsFinalSam/TheDescender
[UnityMemory] Configuration Parameters - Can be set up in boot.config
    "memorysetup-bucket-allocator-granularity=16"
    "memorysetup-bucket-allocator-bucket-count=8"
    "memorysetup-bucket-allocator-block-size=33554432"
    "memorysetup-bucket-allocator-block-count=8"
    "memorysetup-main-allocator-block-size=16777216"
    "memorysetup-thread-allocator-block-size=16777216"
    "memorysetup-gfx-main-allocator-block-size=16777216"
    "memorysetup-gfx-thread-allocator-block-size=16777216"
    "memorysetup-cache-allocator-block-size=4194304"
    "memorysetup-typetree-allocator-block-size=2097152"
    "memorysetup-profiler-bucket-allocator-granularity=16"
    "memorysetup-profiler-bucket-allocator-bucket-count=8"
    "memorysetup-profiler-bucket-allocator-block-size=33554432"
    "memorysetup-profiler-bucket-allocator-block-count=8"
    "memorysetup-profiler-allocator-block-size=16777216"
    "memorysetup-profiler-editor-allocator-block-size=1048576"
    "memorysetup-temp-allocator-size-main=16777216"
    "memorysetup-job-temp-allocator-block-size=2097152"
    "memorysetup-job-temp-allocator-block-size-background=1048576"
    "memorysetup-job-temp-allocator-reduction-small-platforms=262144"
    "memorysetup-temp-allocator-size-background-worker=32768"
    "memorysetup-temp-allocator-size-job-worker=262144"
    "memorysetup-temp-allocator-size-preload-manager=33554432"
    "memorysetup-temp-allocator-size-nav-mesh-worker=65536"
    "memorysetup-temp-allocator-size-audio-worker=65536"
    "memorysetup-temp-allocator-size-cloud-worker=32768"
    "memorysetup-temp-allocator-size-gi-baking-worker=262144"
    "memorysetup-temp-allocator-size-gfx=262144"
Refreshing native plugins compatible for Editor in 226.43 ms, found 3 plugins.
Preloading 0 native plugins for Editor in 0.00 ms.
Initialize engine version: 2021.3.6f1 (7da38d85baf6)
[Subsystems] Discovering subsystems at path /Applications/Unity/Hub/Editor/2021.3.6f1/Unity.app/Contents/Resources/UnitySubsystems
[Subsystems] Discovering subsystems at path /Users/samanthazak/2022SystemsFinalSam/TheDescender/Assets
GfxDevice: creating device client; threaded=0; jobified=0
Color LCD preferred device: AMD Radeon Pro 555X (high power)
Metal devices available: 2
0: AMD Radeon Pro 555X (high power)
1: Intel(R) UHD Graphics 630 (low power)
Using device AMD Radeon Pro 555X (high power)
Initializing Metal device caps: AMD Radeon Pro 555X
Initialize mono
Mono path[0] = '/Applications/Unity/Hub/Editor/2021.3.6f1/Unity.app/Contents/Managed'
Mono path[1] = '/Applications/Unity/Hub/Editor/2021.3.6f1/Unity.app/Contents/MonoBleedingEdge/lib/mono/unityjit-macos'
Mono config path = '/Applications/Unity/Hub/Editor/2021.3.6f1/Unity.app/Contents/MonoBleedingEdge/etc'
Using monoOptions --debugger-agent=transport=dt_socket,embedding=1,server=y,suspend=n,address=127.0.0.1:56814
Begin MonoManager ReloadAssembly
Registering precompiled unity dll's ...
Register platform support module: /Applications/Unity/Hub/Editor/2021.3.6f1/PlaybackEngines/WebGLSupport/UnityEditor.WebGL.Extensions.dll
Register platform support module: /Applications/Unity/Hub/Editor/2021.3.6f1/Unity.app/Contents/PlaybackEngines/MacStandaloneSupport/UnityEditor.OSXStandalone.Extensions.dll
Registered in 0.002867 seconds.
Native extension for OSXStandalone target not found
Native extension for WebGL target not found
Refreshing native plugins compatible for Editor in 133.07 ms, found 3 plugins.
Preloading 0 native plugins for Editor in 0.00 ms.
Mono: successfully reloaded assembly
- Completed reload, in  1.269 seconds
Domain Reload Profiling:
	ReloadAssembly (1269ms)
		BeginReloadAssembly (498ms)
			ExecutionOrderSort (0ms)
			DisableScriptedObjects (0ms)
			BackupInstance (0ms)
			ReleaseScriptingObjects (0ms)
			CreateAndSetChildDomain (1ms)
		EndReloadAssembly (624ms)
			LoadAssemblies (512ms)
			RebuildTransferFunctionScriptingTraits (0ms)
			SetupTypeCache (150ms)
			ReleaseScriptCaches (0ms)
			RebuildScriptCaches (36ms)
			SetupLoadedEditorAssemblies (369ms)
				LogAssemblyErrors (0ms)
				InitializePlatformSupportModulesInManaged (7ms)
				SetLoadedEditorAssemblies (0ms)
				RefreshPlugins (133ms)
				BeforeProcessingInitializeOnLoad (1ms)
				ProcessInitializeOnLoadAttributes (175ms)
				ProcessInitializeOnLoadMethodAttributes (51ms)
				AfterProcessingInitializeOnLoad (0ms)
				EditorAssembliesLoaded (0ms)
			ExecutionOrderSort2 (0ms)
			AwakeInstancesAfterBackupRestoration (0ms)
Platform modules already initialized, skipping
Registering precompiled user dll's ...
Registered in 0.016794 seconds.
Begin MonoManager ReloadAssembly
Symbol file LoadedFromMemory doesn't match image /Users/samanthazak/2022SystemsFinalSam/TheDescender/Library/PackageCache/com.unity.visualscripting@1.7.8/Editor/VisualScripting.Core/Dependencies/DotNetZip/Unity.VisualScripting.IonicZip.dll
Symbol file LoadedFromMemory doesn't match image /Users/samanthazak/2022SystemsFinalSam/TheDescender/Library/PackageCache/com.unity.visualscripting@1.7.8/Editor/VisualScripting.Core/Dependencies/YamlDotNet/Unity.VisualScripting.YamlDotNet.dll
Native extension for OSXStandalone target not found
Native extension for WebGL target not found
Refreshing native plugins compatible for Editor in 135.27 ms, found 3 plugins.
Preloading 0 native plugins for Editor in 0.00 ms.
Package Manager log level set to [2]
Mono: successfully reloaded assembly
- Completed reload, in  2.359 seconds
Domain Reload Profiling:
	ReloadAssembly (2360ms)
		BeginReloadAssembly (126ms)
			ExecutionOrderSort (0ms)
			DisableScriptedObjects (7ms)
			BackupInstance (0ms)
			ReleaseScriptingObjects (0ms)
			CreateAndSetChildDomain (23ms)
		EndReloadAssembly (2084ms)
			LoadAssemblies (696ms)
			RebuildTransferFunctionScriptingTraits (0ms)
			SetupTypeCache (377ms)
			ReleaseScriptCaches (1ms)
			RebuildScriptCaches (92ms)
			SetupLoadedEditorAssemblies (865ms)
				LogAssemblyErrors (0ms)
				InitializePlatformSupportModulesInManaged (4ms)
				SetLoadedEditorAssemblies (0ms)
				RefreshPlugins (135ms)
				BeforeProcessingInitializeOnLoad (136ms)
				ProcessInitializeOnLoadAttributes (335ms)
				ProcessInitializeOnLoadMethodAttributes (252ms)
				AfterProcessingInitializeOnLoad (2ms)
				EditorAssembliesLoaded (0ms)
			ExecutionOrderSort2 (0ms)
			AwakeInstancesAfterBackupRestoration (5ms)
Platform modules already initialized, skipping
========================================================================
Worker process is ready to serve import requests
Launching external process: /Applications/Unity/Hub/Editor/2021.3.6f1/Unity.app/Contents/Tools/UnityShaderCompiler
Launched and connected shader compiler UnityShaderCompiler after 0.08 seconds
Refreshing native plugins compatible for Editor in 1.21 ms, found 3 plugins.
Preloading 0 native plugins for Editor in 0.00 ms.
Unloading 6076 Unused Serialized files (Serialized files now loaded: 0)
Unloading 79 unused Assets / (462.0 KB). Loaded Objects now: 6494.
Memory consumption went from 357.5 MB to 357.0 MB.
Total: 9.650274 ms (FindLiveObjects: 0.510261 ms CreateObjectMapping: 0.447639 ms MarkObjects: 8.281589 ms  DeleteObjects: 0.409440 ms)

AssetImportParameters requested are different than current active one (requested -> active):
  custom:video-decoder-ogg-theora: a1e56fd34408186e4bbccfd4996cb3dc -> 
  custom:container-muxer-webm: aa71ff27fc2769a1b78a27578f13a17b -> 
  custom:container-demuxer-webm: 4f35f7cbe854078d1ac9338744f61a02 -> 
  custom:video-encoder-webm-vp8: eb34c28f22e8b96e1ab97ce403110664 -> 
  custom:framework-osx-AVFoundation: e770b220cccbd017edd2c1fefb359320 -> 
  custom:audio-encoder-webm-vorbis: bf7c407c2cedff20999df2af8eb42d56 -> 
  custom:container-demuxer-ogg: 62fdf1f143b41e24485cea50d1cbac27 -> 
  custom:video-decoder-webm-vp8: 9c59270c3fd7afecdb556c50c9e8de78 -> 
  custom:audio-decoder-ogg-vorbis: bf7c407c2cedff20999df2af8eb42d56 -> 
========================================================================
Received Import Request.
  Time since last request: 337193.208040 seconds.
  path: Assets/Assets/TILES/BigTrees/gridshape 1_0.asset
  artifactKey: Guid(06c67efdf764c43e9bba2cee8377d37f) Importer(815301076,1909f56bfc062723c751e8b465ee728b)
Start importing Assets/Assets/TILES/BigTrees/gridshape 1_0.asset using Guid(06c67efdf764c43e9bba2cee8377d37f) Importer(815301076,1909f56bfc062723c751e8b465ee728b)  -> (artifact id: 'e858de1e5d0939e0af74b880a67706f2') in 0.201929 seconds 
========================================================================
Received Import Request.
  Time since last request: 0.000110 seconds.
  path: Assets/Assets/TILES/BigTrees/gridshape 1_4.asset
  artifactKey: Guid(96814e3d48a4148b78a0a49b47a2c409) Importer(815301076,1909f56bfc062723c751e8b465ee728b)
Start importing Assets/Assets/TILES/BigTrees/gridshape 1_4.asset using Guid(96814e3d48a4148b78a0a49b47a2c409) Importer(815301076,1909f56bfc062723c751e8b465ee728b)  -> (artifact id: '3bcbd6c1c96d2473d7595780110b6d05') in 0.016359 seconds 
========================================================================
Received Import Request.
  Time since last request: 0.000083 seconds.
  path: Assets/Assets/TILES/BigTrees/gridshape 1_1.asset
  artifactKey: Guid(60f5e86ecf7984ea5b698e15e8530681) Importer(815301076,1909f56bfc062723c751e8b465ee728b)
Start importing Assets/Assets/TILES/BigTrees/gridshape 1_1.asset using Guid(60f5e86ecf7984ea5b698e15e8530681) Importer(815301076,1909f56bfc062723c751e8b465ee728b)  -> (artifact id: '708e747e3c5d9b1abd6423b5e879af0d') in 0.010636 seconds 
========================================================================
Received Import Request.
  Time since last request: 13.455394 seconds.
  path: Assets/Assets/TILES/Ground/tilesofficialni_1.asset
  artifactKey: Guid(9ac5b89cd2efc4ba19c01f8834009525) Importer(815301076,1909f56bfc062723c751e8b465ee728b)
Start importing Assets/Assets/TILES/Ground/tilesofficialni_1.asset using Guid(9ac5b89cd2efc4ba19c01f8834009525) Importer(815301076,1909f56bfc062723c751e8b465ee728b)  -> (artifact id: '240a09f27303be2e8cbe78e8be9d74a0') in 0.032124 seconds 
========================================================================
Received Import Request.
  Time since last request: 0.000084 seconds.
  path: Assets/Assets/TILES/Ground/tilesofficialni_10.asset
  artifactKey: Guid(b123a793717b4411f9111b96eb252a93) Importer(815301076,1909f56bfc062723c751e8b465ee728b)
Start importing Assets/Assets/TILES/Ground/tilesofficialni_10.asset using Guid(b123a793717b4411f9111b96eb252a93) Importer(815301076,1909f56bfc062723c751e8b465ee728b)  -> (artifact id: '741e83ea63b0c684d709491b40749e11') in 0.015282 seconds 
========================================================================
Received Import Request.
  Time since last request: 0.000111 seconds.
  path: Assets/Assets/TILES/Ground/tilesofficialni_15.asset
  artifactKey: Guid(bad00eacd923443808bd38c7942ff2ce) Importer(815301076,1909f56bfc062723c751e8b465ee728b)
Start importing Assets/Assets/TILES/Ground/tilesofficialni_15.asset using Guid(bad00eacd923443808bd38c7942ff2ce) Importer(815301076,1909f56bfc062723c751e8b465ee728b)  -> (artifact id: 'acd48b4d77174803b55bbf77a9e8305b') in 0.014041 seconds 
========================================================================
Received Import Request.
  Time since last request: 0.000073 seconds.
  path: Assets/Assets/TILES/Ground/tilesofficialni_6.asset
  artifactKey: Guid(a3072e9c0bf28493398e7d1936c2b6df) Importer(815301076,1909f56bfc062723c751e8b465ee728b)
Start importing Assets/Assets/TILES/Ground/tilesofficialni_6.asset using Guid(a3072e9c0bf28493398e7d1936c2b6df) Importer(815301076,1909f56bfc062723c751e8b465ee728b)  -> (artifact id: '026e47e731652a045b4bc5e78f626332') in 0.014376 seconds 
========================================================================
Received Import Request.
  Time since last request: 0.000099 seconds.
  path: Assets/Assets/TILES/Ground/tilesofficialni_9.asset
  artifactKey: Guid(f530e4495d33747dc88ab38de6817bdc) Importer(815301076,1909f56bfc062723c751e8b465ee728b)
Start importing Assets/Assets/TILES/Ground/tilesofficialni_9.asset using Guid(f530e4495d33747dc88ab38de6817bdc) Importer(815301076,1909f56bfc062723c751e8b465ee728b)  -> (artifact id: '6a39ba028e2223e747b3fe981a42dff8') in 0.013939 seconds 
========================================================================
Received Import Request.
  Time since last request: 0.000116 seconds.
  path: Assets/Assets/TILES/Ground/tilesofficialni_4.asset
  artifactKey: Guid(b256d5d5c38c34b19b7a57a71f0b881e) Importer(815301076,1909f56bfc062723c751e8b465ee728b)
Start importing Assets/Assets/TILES/Ground/tilesofficialni_4.asset using Guid(b256d5d5c38c34b19b7a57a71f0b881e) Importer(815301076,1909f56bfc062723c751e8b465ee728b)  -> (artifact id: 'bdd00a4b923d8237923ed669385fd984') in 0.012351 seconds 
========================================================================
Received Import Request.
  Time since last request: 0.000085 seconds.
  path: Assets/Assets/TILES/Ground/tilesofficialni_2.asset
  artifactKey: Guid(2ba624b80797447a79e07cddae1d5be5) Importer(815301076,1909f56bfc062723c751e8b465ee728b)
Start importing Assets/Assets/TILES/Ground/tilesofficialni_2.asset using Guid(2ba624b80797447a79e07cddae1d5be5) Importer(815301076,1909f56bfc062723c751e8b465ee728b)  -> (artifact id: 'f520d8a10528af2f92d9300e0ffd8a06') in 0.011473 seconds 
========================================================================
Received Import Request.
  Time since last request: 0.000103 seconds.
  path: Assets/Assets/TILES/Ground/tilesofficialni_3.asset
  artifactKey: Guid(a517c19dd197443f08ae5b89b0c2bb74) Importer(815301076,1909f56bfc062723c751e8b465ee728b)
Start importing Assets/Assets/TILES/Ground/tilesofficialni_3.asset using Guid(a517c19dd197443f08ae5b89b0c2bb74) Importer(815301076,1909f56bfc062723c751e8b465ee728b)  -> (artifact id: '50d72d3bd77bf7fa0f9f7eeb88d12d42') in 0.012093 seconds 
========================================================================
Received Import Request.
  Time since last request: 0.000118 seconds.
  path: Assets/Assets/TILES/Ground/tilesofficialni_12.asset
  artifactKey: Guid(b0dd5c77d9ba6465185a267c67153970) Importer(815301076,1909f56bfc062723c751e8b465ee728b)
Start importing Assets/Assets/TILES/Ground/tilesofficialni_12.asset using Guid(b0dd5c77d9ba6465185a267c67153970) Importer(815301076,1909f56bfc062723c751e8b465ee728b)  -> (artifact id: 'a5e128fb90034618a2d01e91dab9beec') in 0.010174 seconds 
========================================================================
Received Import Request.
  Time since last request: 819.652229 seconds.
  path: Assets/Assets/TILES/BigTrees/topleftbigpine.asset
  artifactKey: Guid(a5c441e41e15c456b80ba5dd13b2a765) Importer(815301076,1909f56bfc062723c751e8b465ee728b)
Start importing Assets/Assets/TILES/BigTrees/topleftbigpine.asset using Guid(a5c441e41e15c456b80ba5dd13b2a765) Importer(815301076,1909f56bfc062723c751e8b465ee728b)  -> (artifact id: 'c107ab28695b3cccbb02d0729dc028c9') in 0.019937 seconds 
========================================================================
Received Import Request.
  Time since last request: 8.196272 seconds.
  path: Assets/Assets/TILES/BigTrees/toprightbigpine.asset
  artifactKey: Guid(bb9d72789eec949469a3dc03e60141be) Importer(815301076,1909f56bfc062723c751e8b465ee728b)
Start importing Assets/Assets/TILES/BigTrees/toprightbigpine.asset using Guid(bb9d72789eec949469a3dc03e60141be) Importer(815301076,1909f56bfc062723c751e8b465ee728b)  -> (artifact id: '9435e33e45c833938584b1b34e5ea220') in 0.016627 seconds 
========================================================================
Received Import Request.
  Time since last request: 72.457589 seconds.
  path: Assets/Assets/TILES/BigTrees/gridshape 1_0.asset
  artifactKey: Guid(06c67efdf764c43e9bba2cee8377d37f) Importer(815301076,1909f56bfc062723c751e8b465ee728b)
Start importing Assets/Assets/TILES/BigTrees/gridshape 1_0.asset using Guid(06c67efdf764c43e9bba2cee8377d37f) Importer(815301076,1909f56bfc062723c751e8b465ee728b)  -> (artifact id: 'f92441b62e9dd37b1e39dd78b483786b') in 0.020806 seconds 
========================================================================
Received Import Request.
  Time since last request: 0.000089 seconds.
  path: Assets/Assets/TILES/BigTrees/gridshape 1_8.asset
  artifactKey: Guid(96a29398702694cd39d8f533110df914) Importer(815301076,1909f56bfc062723c751e8b465ee728b)
Start importing Assets/Assets/TILES/BigTrees/gridshape 1_8.asset using Guid(96a29398702694cd39d8f533110df914) Importer(815301076,1909f56bfc062723c751e8b465ee728b)  -> (artifact id: '382816d2cb49964266653847703681c3') in 0.007916 seconds 
========================================================================
Received Import Request.
  Time since last request: 0.000153 seconds.
  path: Assets/Assets/TILES/BigTrees/gridshape 1_3.asset
  artifactKey: Guid(7703723f787b84ea88563c0c07275fc8) Importer(815301076,1909f56bfc062723c751e8b465ee728b)
Start importing Assets/Assets/TILES/BigTrees/gridshape 1_3.asset using Guid(7703723f787b84ea88563c0c07275fc8) Importer(815301076,1909f56bfc062723c751e8b465ee728b)  -> (artifact id: '04f49ea3eb9e0e01cab85c74504aef74') in 0.007392 seconds 
========================================================================
Received Import Request.
  Time since last request: 0.000130 seconds.
  path: Assets/Assets/TILES/BigTrees/gridshape 1_2.asset
  artifactKey: Guid(1b18c7f7a3628471abd5f24c21ea1aaf) Importer(815301076,1909f56bfc062723c751e8b465ee728b)
Start importing Assets/Assets/TILES/BigTrees/gridshape 1_2.asset using Guid(1b18c7f7a3628471abd5f24c21ea1aaf) Importer(815301076,1909f56bfc062723c751e8b465ee728b)  -> (artifact id: '33ffb69c7f611959e2daaa883534765c') in 0.012793 seconds 
========================================================================
Received Import Request.
  Time since last request: 0.000127 seconds.
  path: Assets/Assets/TILES/BigTrees/gridshape 1_5.asset
  artifactKey: Guid(e4bbeb7dc301140dea22ac87da07bf51) Importer(815301076,1909f56bfc062723c751e8b465ee728b)
Start importing Assets/Assets/TILES/BigTrees/gridshape 1_5.asset using Guid(e4bbeb7dc301140dea22ac87da07bf51) Importer(815301076,1909f56bfc062723c751e8b465ee728b)  -> (artifact id: '0d85f430a112dfd736e7998521f53dd3') in 0.006739 seconds 
========================================================================
Received Import Request.
  Time since last request: 0.000123 seconds.
  path: Assets/Assets/TILES/BigTrees/gridshape 1_7.asset
  artifactKey: Guid(e4e7c1b14c6c04befb51e4404afcabc5) Importer(815301076,1909f56bfc062723c751e8b465ee728b)
Start importing Assets/Assets/TILES/BigTrees/gridshape 1_7.asset using Guid(e4e7c1b14c6c04befb51e4404afcabc5) Importer(815301076,1909f56bfc062723c751e8b465ee728b)  -> (artifact id: '88234a7334e1c2b9cc9f495c4252e892') in 0.013860 seconds 
Editor requested this worker to shutdown with reason: Scaling down because of idle timeout
AssetImportWorker is now disconnected from the server
Process exiting
