Unity Editor version:    2021.3.6f1 (7da38d85baf6)
Branch:                  2021.3/staging
Build type:              Release
Batch mode:              YES
macOS version:           Version 12.3.1 (Build 21E258)
Darwin version:          21.4.0
Architecture:            x86_64
Running under Rosetta:   NO
Available memory:        16384 MB
Using pre-set license
Pro License: YES

COMMAND LINE ARGUMENTS:
/Applications/Unity/Hub/Editor/2021.3.6f1/Unity.app/Contents/MacOS/Unity
-adb2
-batchMode
-noUpm
-name
AssetImportWorker4
-projectPath
/Users/samanthazak/2022SystemsFinalSam/TheDescender
-logFile
Logs/AssetImportWorker4.log
-srvPort
61473
Successfully changed project path to: /Users/samanthazak/2022SystemsFinalSam/TheDescender
/Users/samanthazak/2022SystemsFinalSam/TheDescender
[UnityMemory] Configuration Parameters - Can be set up in boot.config
    "memorysetup-bucket-allocator-granularity=16"
    "memorysetup-bucket-allocator-bucket-count=8"
    "memorysetup-bucket-allocator-block-size=33554432"
    "memorysetup-bucket-allocator-block-count=8"
    "memorysetup-main-allocator-block-size=16777216"
    "memorysetup-thread-allocator-block-size=16777216"
    "memorysetup-gfx-main-allocator-block-size=16777216"
    "memorysetup-gfx-thread-allocator-block-size=16777216"
    "memorysetup-cache-allocator-block-size=4194304"
    "memorysetup-typetree-allocator-block-size=2097152"
    "memorysetup-profiler-bucket-allocator-granularity=16"
    "memorysetup-profiler-bucket-allocator-bucket-count=8"
    "memorysetup-profiler-bucket-allocator-block-size=33554432"
    "memorysetup-profiler-bucket-allocator-block-count=8"
    "memorysetup-profiler-allocator-block-size=16777216"
    "memorysetup-profiler-editor-allocator-block-size=1048576"
    "memorysetup-temp-allocator-size-main=16777216"
    "memorysetup-job-temp-allocator-block-size=2097152"
    "memorysetup-job-temp-allocator-block-size-background=1048576"
    "memorysetup-job-temp-allocator-reduction-small-platforms=262144"
    "memorysetup-temp-allocator-size-background-worker=32768"
    "memorysetup-temp-allocator-size-job-worker=262144"
    "memorysetup-temp-allocator-size-preload-manager=33554432"
    "memorysetup-temp-allocator-size-nav-mesh-worker=65536"
    "memorysetup-temp-allocator-size-audio-worker=65536"
    "memorysetup-temp-allocator-size-cloud-worker=32768"
    "memorysetup-temp-allocator-size-gi-baking-worker=262144"
    "memorysetup-temp-allocator-size-gfx=262144"
Refreshing native plugins compatible for Editor in 236.46 ms, found 3 plugins.
Preloading 0 native plugins for Editor in 0.00 ms.
Initialize engine version: 2021.3.6f1 (7da38d85baf6)
[Subsystems] Discovering subsystems at path /Applications/Unity/Hub/Editor/2021.3.6f1/Unity.app/Contents/Resources/UnitySubsystems
[Subsystems] Discovering subsystems at path /Users/samanthazak/2022SystemsFinalSam/TheDescender/Assets
GfxDevice: creating device client; threaded=0; jobified=0
Color LCD preferred device: AMD Radeon Pro 555X (high power)
Metal devices available: 2
0: AMD Radeon Pro 555X (high power)
1: Intel(R) UHD Graphics 630 (low power)
Using device AMD Radeon Pro 555X (high power)
Initializing Metal device caps: AMD Radeon Pro 555X
Initialize mono
Mono path[0] = '/Applications/Unity/Hub/Editor/2021.3.6f1/Unity.app/Contents/Managed'
Mono path[1] = '/Applications/Unity/Hub/Editor/2021.3.6f1/Unity.app/Contents/MonoBleedingEdge/lib/mono/unityjit-macos'
Mono config path = '/Applications/Unity/Hub/Editor/2021.3.6f1/Unity.app/Contents/MonoBleedingEdge/etc'
Using monoOptions --debugger-agent=transport=dt_socket,embedding=1,server=y,suspend=n,address=127.0.0.1:56441
Begin MonoManager ReloadAssembly
Registering precompiled unity dll's ...
Register platform support module: /Applications/Unity/Hub/Editor/2021.3.6f1/PlaybackEngines/WebGLSupport/UnityEditor.WebGL.Extensions.dll
Register platform support module: /Applications/Unity/Hub/Editor/2021.3.6f1/Unity.app/Contents/PlaybackEngines/MacStandaloneSupport/UnityEditor.OSXStandalone.Extensions.dll
Registered in 0.002499 seconds.
Native extension for OSXStandalone target not found
Native extension for WebGL target not found
Refreshing native plugins compatible for Editor in 152.53 ms, found 3 plugins.
Preloading 0 native plugins for Editor in 0.00 ms.
Mono: successfully reloaded assembly
- Completed reload, in  0.982 seconds
Domain Reload Profiling:
	ReloadAssembly (983ms)
		BeginReloadAssembly (135ms)
			ExecutionOrderSort (0ms)
			DisableScriptedObjects (0ms)
			BackupInstance (0ms)
			ReleaseScriptingObjects (0ms)
			CreateAndSetChildDomain (1ms)
		EndReloadAssembly (702ms)
			LoadAssemblies (137ms)
			RebuildTransferFunctionScriptingTraits (0ms)
			SetupTypeCache (153ms)
			ReleaseScriptCaches (0ms)
			RebuildScriptCaches (47ms)
			SetupLoadedEditorAssemblies (427ms)
				LogAssemblyErrors (0ms)
				InitializePlatformSupportModulesInManaged (9ms)
				SetLoadedEditorAssemblies (0ms)
				RefreshPlugins (153ms)
				BeforeProcessingInitializeOnLoad (1ms)
				ProcessInitializeOnLoadAttributes (206ms)
				ProcessInitializeOnLoadMethodAttributes (58ms)
				AfterProcessingInitializeOnLoad (0ms)
				EditorAssembliesLoaded (0ms)
			ExecutionOrderSort2 (0ms)
			AwakeInstancesAfterBackupRestoration (0ms)
Platform modules already initialized, skipping
Registering precompiled user dll's ...
Registered in 0.014830 seconds.
Begin MonoManager ReloadAssembly
Symbol file LoadedFromMemory doesn't match image /Users/samanthazak/2022SystemsFinalSam/TheDescender/Library/PackageCache/com.unity.visualscripting@1.7.8/Editor/VisualScripting.Core/Dependencies/DotNetZip/Unity.VisualScripting.IonicZip.dll
Symbol file LoadedFromMemory doesn't match image /Users/samanthazak/2022SystemsFinalSam/TheDescender/Library/PackageCache/com.unity.visualscripting@1.7.8/Editor/VisualScripting.Core/Dependencies/YamlDotNet/Unity.VisualScripting.YamlDotNet.dll
Native extension for OSXStandalone target not found
Native extension for WebGL target not found
Refreshing native plugins compatible for Editor in 157.01 ms, found 3 plugins.
Preloading 0 native plugins for Editor in 0.00 ms.
Package Manager log level set to [2]
Mono: successfully reloaded assembly
- Completed reload, in  2.932 seconds
Domain Reload Profiling:
	ReloadAssembly (2934ms)
		BeginReloadAssembly (543ms)
			ExecutionOrderSort (0ms)
			DisableScriptedObjects (7ms)
			BackupInstance (0ms)
			ReleaseScriptingObjects (0ms)
			CreateAndSetChildDomain (24ms)
		EndReloadAssembly (2214ms)
			LoadAssemblies (1104ms)
			RebuildTransferFunctionScriptingTraits (0ms)
			SetupTypeCache (401ms)
			ReleaseScriptCaches (1ms)
			RebuildScriptCaches (103ms)
			SetupLoadedEditorAssemblies (955ms)
				LogAssemblyErrors (0ms)
				InitializePlatformSupportModulesInManaged (5ms)
				SetLoadedEditorAssemblies (0ms)
				RefreshPlugins (157ms)
				BeforeProcessingInitializeOnLoad (150ms)
				ProcessInitializeOnLoadAttributes (372ms)
				ProcessInitializeOnLoadMethodAttributes (270ms)
				AfterProcessingInitializeOnLoad (1ms)
				EditorAssembliesLoaded (0ms)
			ExecutionOrderSort2 (0ms)
			AwakeInstancesAfterBackupRestoration (5ms)
Platform modules already initialized, skipping
========================================================================
Worker process is ready to serve import requests
Launching external process: /Applications/Unity/Hub/Editor/2021.3.6f1/Unity.app/Contents/Tools/UnityShaderCompiler
Launched and connected shader compiler UnityShaderCompiler after 0.07 seconds
Refreshing native plugins compatible for Editor in 1.09 ms, found 3 plugins.
Preloading 0 native plugins for Editor in 0.00 ms.
Unloading 6076 Unused Serialized files (Serialized files now loaded: 0)
Unloading 79 unused Assets / (462.0 KB). Loaded Objects now: 6494.
Memory consumption went from 357.4 MB to 356.9 MB.
Total: 8.103824 ms (FindLiveObjects: 0.433943 ms CreateObjectMapping: 0.417985 ms MarkObjects: 6.929115 ms  DeleteObjects: 0.321768 ms)

AssetImportParameters requested are different than current active one (requested -> active):
  custom:video-decoder-ogg-theora: a1e56fd34408186e4bbccfd4996cb3dc -> 
  custom:container-muxer-webm: aa71ff27fc2769a1b78a27578f13a17b -> 
  custom:container-demuxer-webm: 4f35f7cbe854078d1ac9338744f61a02 -> 
  custom:video-encoder-webm-vp8: eb34c28f22e8b96e1ab97ce403110664 -> 
  custom:framework-osx-AVFoundation: e770b220cccbd017edd2c1fefb359320 -> 
  custom:audio-encoder-webm-vorbis: bf7c407c2cedff20999df2af8eb42d56 -> 
  custom:container-demuxer-ogg: 62fdf1f143b41e24485cea50d1cbac27 -> 
  custom:video-decoder-webm-vp8: 9c59270c3fd7afecdb556c50c9e8de78 -> 
  custom:audio-decoder-ogg-vorbis: bf7c407c2cedff20999df2af8eb42d56 -> 
========================================================================
Received Import Request.
  Time since last request: 352417.784792 seconds.
  path: Assets/Assets/TILES/Forest/Forest.prefab
  artifactKey: Guid(6882c92af28344392a90966d94371fb7) Importer(815301076,1909f56bfc062723c751e8b465ee728b)
Start importing Assets/Assets/TILES/Forest/Forest.prefab using Guid(6882c92af28344392a90966d94371fb7) Importer(815301076,1909f56bfc062723c751e8b465ee728b)  -> (artifact id: '9cc34d1d047c3985beb5dfb8ea9c7acf') in 0.484034 seconds 
========================================================================
Received Import Request.
  Time since last request: 6.143658 seconds.
  path: Assets/Assets/TILES/Forest/Forest.prefab
  artifactKey: Guid(6882c92af28344392a90966d94371fb7) Importer(815301076,1909f56bfc062723c751e8b465ee728b)
Start importing Assets/Assets/TILES/Forest/Forest.prefab using Guid(6882c92af28344392a90966d94371fb7) Importer(815301076,1909f56bfc062723c751e8b465ee728b)  -> (artifact id: 'cd579b10fed8214d5077bed604c8f72a') in 0.102639 seconds 
========================================================================
Received Prepare
Registering precompiled user dll's ...
Registered in 0.012503 seconds.
Begin MonoManager ReloadAssembly
Symbol file LoadedFromMemory doesn't match image /Users/samanthazak/2022SystemsFinalSam/TheDescender/Library/PackageCache/com.unity.visualscripting@1.7.8/Editor/VisualScripting.Core/Dependencies/DotNetZip/Unity.VisualScripting.IonicZip.dll
Symbol file LoadedFromMemory doesn't match image /Users/samanthazak/2022SystemsFinalSam/TheDescender/Library/PackageCache/com.unity.visualscripting@1.7.8/Editor/VisualScripting.Core/Dependencies/YamlDotNet/Unity.VisualScripting.YamlDotNet.dll
Native extension for OSXStandalone target not found
Native extension for WebGL target not found
Refreshing native plugins compatible for Editor in 2.05 ms, found 3 plugins.
Preloading 0 native plugins for Editor in 0.00 ms.
Mono: successfully reloaded assembly
- Completed reload, in  3.075 seconds
Domain Reload Profiling:
	ReloadAssembly (3076ms)
		BeginReloadAssembly (294ms)
			ExecutionOrderSort (0ms)
			DisableScriptedObjects (19ms)
			BackupInstance (0ms)
			ReleaseScriptingObjects (0ms)
			CreateAndSetChildDomain (117ms)
		EndReloadAssembly (2550ms)
			LoadAssemblies (210ms)
			RebuildTransferFunctionScriptingTraits (1ms)
			SetupTypeCache (757ms)
			ReleaseScriptCaches (3ms)
			RebuildScriptCaches (136ms)
			SetupLoadedEditorAssemblies (1243ms)
				LogAssemblyErrors (0ms)
				InitializePlatformSupportModulesInManaged (21ms)
				SetLoadedEditorAssemblies (1ms)
				RefreshPlugins (2ms)
				BeforeProcessingInitializeOnLoad (195ms)
				ProcessInitializeOnLoadAttributes (601ms)
				ProcessInitializeOnLoadMethodAttributes (421ms)
				AfterProcessingInitializeOnLoad (2ms)
				EditorAssembliesLoaded (0ms)
			ExecutionOrderSort2 (0ms)
			AwakeInstancesAfterBackupRestoration (30ms)
Platform modules already initialized, skipping
Refreshing native plugins compatible for Editor in 7.78 ms, found 3 plugins.
Preloading 0 native plugins for Editor in 0.00 ms.
Unloading 5953 Unused Serialized files (Serialized files now loaded: 0)
Unloading 66 unused Assets / (446.6 KB). Loaded Objects now: 6547.
Memory consumption went from 360.4 MB to 359.9 MB.
Total: 14.516637 ms (FindLiveObjects: 0.704287 ms CreateObjectMapping: 0.695519 ms MarkObjects: 12.616544 ms  DeleteObjects: 0.498771 ms)

AssetImportParameters requested are different than current active one (requested -> active):
  custom:video-decoder-ogg-theora: a1e56fd34408186e4bbccfd4996cb3dc -> 
  custom:container-muxer-webm: aa71ff27fc2769a1b78a27578f13a17b -> 
  custom:container-demuxer-webm: 4f35f7cbe854078d1ac9338744f61a02 -> 
  custom:video-encoder-webm-vp8: eb34c28f22e8b96e1ab97ce403110664 -> 
  custom:framework-osx-AVFoundation: e770b220cccbd017edd2c1fefb359320 -> 
  custom:audio-encoder-webm-vorbis: bf7c407c2cedff20999df2af8eb42d56 -> 
  custom:container-demuxer-ogg: 62fdf1f143b41e24485cea50d1cbac27 -> 
  custom:video-decoder-webm-vp8: 9c59270c3fd7afecdb556c50c9e8de78 -> 
  custom:audio-decoder-ogg-vorbis: bf7c407c2cedff20999df2af8eb42d56 -> 
========================================================================
Received Prepare
Registering precompiled user dll's ...
Registered in 0.007520 seconds.
Begin MonoManager ReloadAssembly
Symbol file LoadedFromMemory doesn't match image /Users/samanthazak/2022SystemsFinalSam/TheDescender/Library/PackageCache/com.unity.visualscripting@1.7.8/Editor/VisualScripting.Core/Dependencies/DotNetZip/Unity.VisualScripting.IonicZip.dll
Symbol file LoadedFromMemory doesn't match image /Users/samanthazak/2022SystemsFinalSam/TheDescender/Library/PackageCache/com.unity.visualscripting@1.7.8/Editor/VisualScripting.Core/Dependencies/YamlDotNet/Unity.VisualScripting.YamlDotNet.dll
Native extension for OSXStandalone target not found
Native extension for WebGL target not found
Refreshing native plugins compatible for Editor in 1.62 ms, found 3 plugins.
Preloading 0 native plugins for Editor in 0.00 ms.
Mono: successfully reloaded assembly
- Completed reload, in  2.022 seconds
Domain Reload Profiling:
	ReloadAssembly (2023ms)
		BeginReloadAssembly (193ms)
			ExecutionOrderSort (0ms)
			DisableScriptedObjects (11ms)
			BackupInstance (0ms)
			ReleaseScriptingObjects (0ms)
			CreateAndSetChildDomain (72ms)
		EndReloadAssembly (1672ms)
			LoadAssemblies (148ms)
			RebuildTransferFunctionScriptingTraits (0ms)
			SetupTypeCache (474ms)
			ReleaseScriptCaches (2ms)
			RebuildScriptCaches (88ms)
			SetupLoadedEditorAssemblies (834ms)
				LogAssemblyErrors (0ms)
				InitializePlatformSupportModulesInManaged (14ms)
				SetLoadedEditorAssemblies (1ms)
				RefreshPlugins (2ms)
				BeforeProcessingInitializeOnLoad (129ms)
				ProcessInitializeOnLoadAttributes (402ms)
				ProcessInitializeOnLoadMethodAttributes (284ms)
				AfterProcessingInitializeOnLoad (2ms)
				EditorAssembliesLoaded (0ms)
			ExecutionOrderSort2 (0ms)
			AwakeInstancesAfterBackupRestoration (19ms)
Platform modules already initialized, skipping
Refreshing native plugins compatible for Editor in 6.10 ms, found 3 plugins.
Preloading 0 native plugins for Editor in 0.00 ms.
Unloading 5954 Unused Serialized files (Serialized files now loaded: 0)
Unloading 66 unused Assets / (431.6 KB). Loaded Objects now: 6550.
Memory consumption went from 360.8 MB to 360.3 MB.
Total: 12.214650 ms (FindLiveObjects: 0.556747 ms CreateObjectMapping: 0.599680 ms MarkObjects: 10.625934 ms  DeleteObjects: 0.431069 ms)

AssetImportParameters requested are different than current active one (requested -> active):
  custom:video-decoder-ogg-theora: a1e56fd34408186e4bbccfd4996cb3dc -> 
  custom:container-muxer-webm: aa71ff27fc2769a1b78a27578f13a17b -> 
  custom:container-demuxer-webm: 4f35f7cbe854078d1ac9338744f61a02 -> 
  custom:video-encoder-webm-vp8: eb34c28f22e8b96e1ab97ce403110664 -> 
  custom:framework-osx-AVFoundation: e770b220cccbd017edd2c1fefb359320 -> 
  custom:audio-encoder-webm-vorbis: bf7c407c2cedff20999df2af8eb42d56 -> 
  custom:container-demuxer-ogg: 62fdf1f143b41e24485cea50d1cbac27 -> 
  custom:video-decoder-webm-vp8: 9c59270c3fd7afecdb556c50c9e8de78 -> 
  custom:audio-decoder-ogg-vorbis: bf7c407c2cedff20999df2af8eb42d56 -> 
========================================================================
Received Prepare
Registering precompiled user dll's ...
Registered in 0.006003 seconds.
Begin MonoManager ReloadAssembly
Symbol file LoadedFromMemory doesn't match image /Users/samanthazak/2022SystemsFinalSam/TheDescender/Library/PackageCache/com.unity.visualscripting@1.7.8/Editor/VisualScripting.Core/Dependencies/DotNetZip/Unity.VisualScripting.IonicZip.dll
Symbol file LoadedFromMemory doesn't match image /Users/samanthazak/2022SystemsFinalSam/TheDescender/Library/PackageCache/com.unity.visualscripting@1.7.8/Editor/VisualScripting.Core/Dependencies/YamlDotNet/Unity.VisualScripting.YamlDotNet.dll
Native extension for OSXStandalone target not found
Native extension for WebGL target not found
Refreshing native plugins compatible for Editor in 1.49 ms, found 3 plugins.
Preloading 0 native plugins for Editor in 0.00 ms.
Mono: successfully reloaded assembly
- Completed reload, in  1.987 seconds
Domain Reload Profiling:
	ReloadAssembly (1988ms)
		BeginReloadAssembly (192ms)
			ExecutionOrderSort (0ms)
			DisableScriptedObjects (11ms)
			BackupInstance (0ms)
			ReleaseScriptingObjects (0ms)
			CreateAndSetChildDomain (77ms)
		EndReloadAssembly (1645ms)
			LoadAssemblies (136ms)
			RebuildTransferFunctionScriptingTraits (0ms)
			SetupTypeCache (458ms)
			ReleaseScriptCaches (2ms)
			RebuildScriptCaches (91ms)
			SetupLoadedEditorAssemblies (814ms)
				LogAssemblyErrors (0ms)
				InitializePlatformSupportModulesInManaged (14ms)
				SetLoadedEditorAssemblies (1ms)
				RefreshPlugins (2ms)
				BeforeProcessingInitializeOnLoad (127ms)
				ProcessInitializeOnLoadAttributes (387ms)
				ProcessInitializeOnLoadMethodAttributes (282ms)
				AfterProcessingInitializeOnLoad (1ms)
				EditorAssembliesLoaded (0ms)
			ExecutionOrderSort2 (0ms)
			AwakeInstancesAfterBackupRestoration (19ms)
Platform modules already initialized, skipping
Refreshing native plugins compatible for Editor in 6.23 ms, found 3 plugins.
Preloading 0 native plugins for Editor in 0.00 ms.
Unloading 5954 Unused Serialized files (Serialized files now loaded: 0)
Unloading 66 unused Assets / (439.1 KB). Loaded Objects now: 6553.
Memory consumption went from 361.0 MB to 360.6 MB.
Total: 11.666237 ms (FindLiveObjects: 0.567790 ms CreateObjectMapping: 0.725218 ms MarkObjects: 9.959782 ms  DeleteObjects: 0.412369 ms)

AssetImportParameters requested are different than current active one (requested -> active):
  custom:video-decoder-ogg-theora: a1e56fd34408186e4bbccfd4996cb3dc -> 
  custom:container-muxer-webm: aa71ff27fc2769a1b78a27578f13a17b -> 
  custom:container-demuxer-webm: 4f35f7cbe854078d1ac9338744f61a02 -> 
  custom:video-encoder-webm-vp8: eb34c28f22e8b96e1ab97ce403110664 -> 
  custom:framework-osx-AVFoundation: e770b220cccbd017edd2c1fefb359320 -> 
  custom:audio-encoder-webm-vorbis: bf7c407c2cedff20999df2af8eb42d56 -> 
  custom:container-demuxer-ogg: 62fdf1f143b41e24485cea50d1cbac27 -> 
  custom:video-decoder-webm-vp8: 9c59270c3fd7afecdb556c50c9e8de78 -> 
  custom:audio-decoder-ogg-vorbis: bf7c407c2cedff20999df2af8eb42d56 -> 
========================================================================
Received Prepare
Registering precompiled user dll's ...
Registered in 0.010234 seconds.
Begin MonoManager ReloadAssembly
Symbol file LoadedFromMemory doesn't match image /Users/samanthazak/2022SystemsFinalSam/TheDescender/Library/PackageCache/com.unity.visualscripting@1.7.8/Editor/VisualScripting.Core/Dependencies/DotNetZip/Unity.VisualScripting.IonicZip.dll
Symbol file LoadedFromMemory doesn't match image /Users/samanthazak/2022SystemsFinalSam/TheDescender/Library/PackageCache/com.unity.visualscripting@1.7.8/Editor/VisualScripting.Core/Dependencies/YamlDotNet/Unity.VisualScripting.YamlDotNet.dll
Native extension for OSXStandalone target not found
Native extension for WebGL target not found
Refreshing native plugins compatible for Editor in 2.05 ms, found 3 plugins.
Preloading 0 native plugins for Editor in 0.00 ms.
Mono: successfully reloaded assembly
- Completed reload, in  2.884 seconds
Domain Reload Profiling:
	ReloadAssembly (2886ms)
		BeginReloadAssembly (265ms)
			ExecutionOrderSort (0ms)
			DisableScriptedObjects (17ms)
			BackupInstance (0ms)
			ReleaseScriptingObjects (0ms)
			CreateAndSetChildDomain (100ms)
		EndReloadAssembly (2401ms)
			LoadAssemblies (202ms)
			RebuildTransferFunctionScriptingTraits (0ms)
			SetupTypeCache (666ms)
			ReleaseScriptCaches (3ms)
			RebuildScriptCaches (126ms)
			SetupLoadedEditorAssemblies (1211ms)
				LogAssemblyErrors (0ms)
				InitializePlatformSupportModulesInManaged (20ms)
				SetLoadedEditorAssemblies (1ms)
				RefreshPlugins (2ms)
				BeforeProcessingInitializeOnLoad (189ms)
				ProcessInitializeOnLoadAttributes (588ms)
				ProcessInitializeOnLoadMethodAttributes (408ms)
				AfterProcessingInitializeOnLoad (2ms)
				EditorAssembliesLoaded (0ms)
			ExecutionOrderSort2 (0ms)
			AwakeInstancesAfterBackupRestoration (28ms)
Platform modules already initialized, skipping
Refreshing native plugins compatible for Editor in 8.98 ms, found 3 plugins.
Preloading 0 native plugins for Editor in 0.00 ms.
Unloading 5954 Unused Serialized files (Serialized files now loaded: 0)
Unloading 66 unused Assets / (439.7 KB). Loaded Objects now: 6556.
Memory consumption went from 361.3 MB to 360.9 MB.
Total: 15.527994 ms (FindLiveObjects: 0.782348 ms CreateObjectMapping: 0.970534 ms MarkObjects: 13.207518 ms  DeleteObjects: 0.565661 ms)

AssetImportParameters requested are different than current active one (requested -> active):
  custom:video-decoder-ogg-theora: a1e56fd34408186e4bbccfd4996cb3dc -> 
  custom:container-muxer-webm: aa71ff27fc2769a1b78a27578f13a17b -> 
  custom:container-demuxer-webm: 4f35f7cbe854078d1ac9338744f61a02 -> 
  custom:video-encoder-webm-vp8: eb34c28f22e8b96e1ab97ce403110664 -> 
  custom:framework-osx-AVFoundation: e770b220cccbd017edd2c1fefb359320 -> 
  custom:audio-encoder-webm-vorbis: bf7c407c2cedff20999df2af8eb42d56 -> 
  custom:container-demuxer-ogg: 62fdf1f143b41e24485cea50d1cbac27 -> 
  custom:video-decoder-webm-vp8: 9c59270c3fd7afecdb556c50c9e8de78 -> 
  custom:audio-decoder-ogg-vorbis: bf7c407c2cedff20999df2af8eb42d56 -> 
========================================================================
Received Prepare
Registering precompiled user dll's ...
Registered in 0.005694 seconds.
Begin MonoManager ReloadAssembly
Symbol file LoadedFromMemory doesn't match image /Users/samanthazak/2022SystemsFinalSam/TheDescender/Library/PackageCache/com.unity.visualscripting@1.7.8/Editor/VisualScripting.Core/Dependencies/DotNetZip/Unity.VisualScripting.IonicZip.dll
Symbol file LoadedFromMemory doesn't match image /Users/samanthazak/2022SystemsFinalSam/TheDescender/Library/PackageCache/com.unity.visualscripting@1.7.8/Editor/VisualScripting.Core/Dependencies/YamlDotNet/Unity.VisualScripting.YamlDotNet.dll
Native extension for OSXStandalone target not found
Native extension for WebGL target not found
Refreshing native plugins compatible for Editor in 1.35 ms, found 3 plugins.
Preloading 0 native plugins for Editor in 0.00 ms.
Mono: successfully reloaded assembly
- Completed reload, in  1.896 seconds
Domain Reload Profiling:
	ReloadAssembly (1897ms)
		BeginReloadAssembly (187ms)
			ExecutionOrderSort (0ms)
			DisableScriptedObjects (11ms)
			BackupInstance (0ms)
			ReleaseScriptingObjects (0ms)
			CreateAndSetChildDomain (73ms)
		EndReloadAssembly (1573ms)
			LoadAssemblies (135ms)
			RebuildTransferFunctionScriptingTraits (0ms)
			SetupTypeCache (428ms)
			ReleaseScriptCaches (2ms)
			RebuildScriptCaches (85ms)
			SetupLoadedEditorAssemblies (792ms)
				LogAssemblyErrors (0ms)
				InitializePlatformSupportModulesInManaged (13ms)
				SetLoadedEditorAssemblies (1ms)
				RefreshPlugins (1ms)
				BeforeProcessingInitializeOnLoad (128ms)
				ProcessInitializeOnLoadAttributes (378ms)
				ProcessInitializeOnLoadMethodAttributes (268ms)
				AfterProcessingInitializeOnLoad (1ms)
				EditorAssembliesLoaded (0ms)
			ExecutionOrderSort2 (0ms)
			AwakeInstancesAfterBackupRestoration (21ms)
Platform modules already initialized, skipping
Refreshing native plugins compatible for Editor in 7.66 ms, found 3 plugins.
Preloading 0 native plugins for Editor in 0.00 ms.
Unloading 5954 Unused Serialized files (Serialized files now loaded: 0)
Unloading 66 unused Assets / (431.8 KB). Loaded Objects now: 6559.
Memory consumption went from 361.6 MB to 361.2 MB.
Total: 11.522594 ms (FindLiveObjects: 0.592497 ms CreateObjectMapping: 0.638229 ms MarkObjects: 9.776716 ms  DeleteObjects: 0.513648 ms)

AssetImportParameters requested are different than current active one (requested -> active):
  custom:video-decoder-ogg-theora: a1e56fd34408186e4bbccfd4996cb3dc -> 
  custom:container-muxer-webm: aa71ff27fc2769a1b78a27578f13a17b -> 
  custom:container-demuxer-webm: 4f35f7cbe854078d1ac9338744f61a02 -> 
  custom:video-encoder-webm-vp8: eb34c28f22e8b96e1ab97ce403110664 -> 
  custom:framework-osx-AVFoundation: e770b220cccbd017edd2c1fefb359320 -> 
  custom:audio-encoder-webm-vorbis: bf7c407c2cedff20999df2af8eb42d56 -> 
  custom:container-demuxer-ogg: 62fdf1f143b41e24485cea50d1cbac27 -> 
  custom:video-decoder-webm-vp8: 9c59270c3fd7afecdb556c50c9e8de78 -> 
  custom:audio-decoder-ogg-vorbis: bf7c407c2cedff20999df2af8eb42d56 -> 
========================================================================
Received Prepare
Registering precompiled user dll's ...
Registered in 0.005613 seconds.
Begin MonoManager ReloadAssembly
Symbol file LoadedFromMemory doesn't match image /Users/samanthazak/2022SystemsFinalSam/TheDescender/Library/PackageCache/com.unity.visualscripting@1.7.8/Editor/VisualScripting.Core/Dependencies/DotNetZip/Unity.VisualScripting.IonicZip.dll
Symbol file LoadedFromMemory doesn't match image /Users/samanthazak/2022SystemsFinalSam/TheDescender/Library/PackageCache/com.unity.visualscripting@1.7.8/Editor/VisualScripting.Core/Dependencies/YamlDotNet/Unity.VisualScripting.YamlDotNet.dll
Native extension for OSXStandalone target not found
Native extension for WebGL target not found
Refreshing native plugins compatible for Editor in 1.43 ms, found 3 plugins.
Preloading 0 native plugins for Editor in 0.00 ms.
Mono: successfully reloaded assembly
- Completed reload, in  1.641 seconds
Domain Reload Profiling:
	ReloadAssembly (1642ms)
		BeginReloadAssembly (183ms)
			ExecutionOrderSort (0ms)
			DisableScriptedObjects (10ms)
			BackupInstance (0ms)
			ReleaseScriptingObjects (0ms)
			CreateAndSetChildDomain (73ms)
		EndReloadAssembly (1329ms)
			LoadAssemblies (132ms)
			RebuildTransferFunctionScriptingTraits (0ms)
			SetupTypeCache (393ms)
			ReleaseScriptCaches (2ms)
			RebuildScriptCaches (80ms)
			SetupLoadedEditorAssemblies (619ms)
				LogAssemblyErrors (0ms)
				InitializePlatformSupportModulesInManaged (12ms)
				SetLoadedEditorAssemblies (1ms)
				RefreshPlugins (1ms)
				BeforeProcessingInitializeOnLoad (105ms)
				ProcessInitializeOnLoadAttributes (291ms)
				ProcessInitializeOnLoadMethodAttributes (208ms)
				AfterProcessingInitializeOnLoad (1ms)
				EditorAssembliesLoaded (0ms)
			ExecutionOrderSort2 (0ms)
			AwakeInstancesAfterBackupRestoration (16ms)
Platform modules already initialized, skipping
Refreshing native plugins compatible for Editor in 5.04 ms, found 3 plugins.
Preloading 0 native plugins for Editor in 0.00 ms.
Unloading 5954 Unused Serialized files (Serialized files now loaded: 0)
Unloading 66 unused Assets / (439.3 KB). Loaded Objects now: 6562.
Memory consumption went from 361.9 MB to 361.5 MB.
Total: 8.217099 ms (FindLiveObjects: 0.484355 ms CreateObjectMapping: 0.515626 ms MarkObjects: 6.880781 ms  DeleteObjects: 0.335334 ms)

AssetImportParameters requested are different than current active one (requested -> active):
  custom:video-decoder-ogg-theora: a1e56fd34408186e4bbccfd4996cb3dc -> 
  custom:container-muxer-webm: aa71ff27fc2769a1b78a27578f13a17b -> 
  custom:container-demuxer-webm: 4f35f7cbe854078d1ac9338744f61a02 -> 
  custom:video-encoder-webm-vp8: eb34c28f22e8b96e1ab97ce403110664 -> 
  custom:framework-osx-AVFoundation: e770b220cccbd017edd2c1fefb359320 -> 
  custom:audio-encoder-webm-vorbis: bf7c407c2cedff20999df2af8eb42d56 -> 
  custom:container-demuxer-ogg: 62fdf1f143b41e24485cea50d1cbac27 -> 
  custom:video-decoder-webm-vp8: 9c59270c3fd7afecdb556c50c9e8de78 -> 
  custom:audio-decoder-ogg-vorbis: bf7c407c2cedff20999df2af8eb42d56 -> 
========================================================================
Received Prepare
Registering precompiled user dll's ...
Registered in 0.005654 seconds.
Begin MonoManager ReloadAssembly
Symbol file LoadedFromMemory doesn't match image /Users/samanthazak/2022SystemsFinalSam/TheDescender/Library/PackageCache/com.unity.visualscripting@1.7.8/Editor/VisualScripting.Core/Dependencies/DotNetZip/Unity.VisualScripting.IonicZip.dll
Symbol file LoadedFromMemory doesn't match image /Users/samanthazak/2022SystemsFinalSam/TheDescender/Library/PackageCache/com.unity.visualscripting@1.7.8/Editor/VisualScripting.Core/Dependencies/YamlDotNet/Unity.VisualScripting.YamlDotNet.dll
Native extension for OSXStandalone target not found
Native extension for WebGL target not found
Refreshing native plugins compatible for Editor in 1.28 ms, found 3 plugins.
Preloading 0 native plugins for Editor in 0.00 ms.
Mono: successfully reloaded assembly
- Completed reload, in  1.664 seconds
Domain Reload Profiling:
	ReloadAssembly (1665ms)
		BeginReloadAssembly (161ms)
			ExecutionOrderSort (0ms)
			DisableScriptedObjects (8ms)
			BackupInstance (0ms)
			ReleaseScriptingObjects (0ms)
			CreateAndSetChildDomain (62ms)
		EndReloadAssembly (1383ms)
			LoadAssemblies (122ms)
			RebuildTransferFunctionScriptingTraits (0ms)
			SetupTypeCache (402ms)
			ReleaseScriptCaches (2ms)
			RebuildScriptCaches (78ms)
			SetupLoadedEditorAssemblies (668ms)
				LogAssemblyErrors (0ms)
				InitializePlatformSupportModulesInManaged (12ms)
				SetLoadedEditorAssemblies (1ms)
				RefreshPlugins (1ms)
				BeforeProcessingInitializeOnLoad (104ms)
				ProcessInitializeOnLoadAttributes (315ms)
				ProcessInitializeOnLoadMethodAttributes (234ms)
				AfterProcessingInitializeOnLoad (1ms)
				EditorAssembliesLoaded (0ms)
			ExecutionOrderSort2 (0ms)
			AwakeInstancesAfterBackupRestoration (16ms)
Platform modules already initialized, skipping
Refreshing native plugins compatible for Editor in 4.26 ms, found 3 plugins.
Preloading 0 native plugins for Editor in 0.00 ms.
Unloading 5954 Unused Serialized files (Serialized files now loaded: 0)
Unloading 66 unused Assets / (431.5 KB). Loaded Objects now: 6565.
Memory consumption went from 362.2 MB to 361.7 MB.
Total: 10.473149 ms (FindLiveObjects: 0.576027 ms CreateObjectMapping: 0.562127 ms MarkObjects: 8.830624 ms  DeleteObjects: 0.503196 ms)

AssetImportParameters requested are different than current active one (requested -> active):
  custom:video-decoder-ogg-theora: a1e56fd34408186e4bbccfd4996cb3dc -> 
  custom:container-muxer-webm: aa71ff27fc2769a1b78a27578f13a17b -> 
  custom:container-demuxer-webm: 4f35f7cbe854078d1ac9338744f61a02 -> 
  custom:video-encoder-webm-vp8: eb34c28f22e8b96e1ab97ce403110664 -> 
  custom:framework-osx-AVFoundation: e770b220cccbd017edd2c1fefb359320 -> 
  custom:audio-encoder-webm-vorbis: bf7c407c2cedff20999df2af8eb42d56 -> 
  custom:container-demuxer-ogg: 62fdf1f143b41e24485cea50d1cbac27 -> 
  custom:video-decoder-webm-vp8: 9c59270c3fd7afecdb556c50c9e8de78 -> 
  custom:audio-decoder-ogg-vorbis: bf7c407c2cedff20999df2af8eb42d56 -> 
========================================================================
Received Prepare
Registering precompiled user dll's ...
Registered in 0.005876 seconds.
Begin MonoManager ReloadAssembly
Symbol file LoadedFromMemory doesn't match image /Users/samanthazak/2022SystemsFinalSam/TheDescender/Library/PackageCache/com.unity.visualscripting@1.7.8/Editor/VisualScripting.Core/Dependencies/DotNetZip/Unity.VisualScripting.IonicZip.dll
Symbol file LoadedFromMemory doesn't match image /Users/samanthazak/2022SystemsFinalSam/TheDescender/Library/PackageCache/com.unity.visualscripting@1.7.8/Editor/VisualScripting.Core/Dependencies/YamlDotNet/Unity.VisualScripting.YamlDotNet.dll
Native extension for OSXStandalone target not found
Native extension for WebGL target not found
Refreshing native plugins compatible for Editor in 1.37 ms, found 3 plugins.
Preloading 0 native plugins for Editor in 0.00 ms.
Mono: successfully reloaded assembly
- Completed reload, in  1.713 seconds
Domain Reload Profiling:
	ReloadAssembly (1714ms)
		BeginReloadAssembly (183ms)
			ExecutionOrderSort (0ms)
			DisableScriptedObjects (10ms)
			BackupInstance (0ms)
			ReleaseScriptingObjects (0ms)
			CreateAndSetChildDomain (73ms)
		EndReloadAssembly (1404ms)
			LoadAssemblies (130ms)
			RebuildTransferFunctionScriptingTraits (0ms)
			SetupTypeCache (401ms)
			ReleaseScriptCaches (2ms)
			RebuildScriptCaches (84ms)
			SetupLoadedEditorAssemblies (680ms)
				LogAssemblyErrors (0ms)
				InitializePlatformSupportModulesInManaged (12ms)
				SetLoadedEditorAssemblies (1ms)
				RefreshPlugins (1ms)
				BeforeProcessingInitializeOnLoad (104ms)
				ProcessInitializeOnLoadAttributes (325ms)
				ProcessInitializeOnLoadMethodAttributes (236ms)
				AfterProcessingInitializeOnLoad (1ms)
				EditorAssembliesLoaded (0ms)
			ExecutionOrderSort2 (0ms)
			AwakeInstancesAfterBackupRestoration (17ms)
Platform modules already initialized, skipping
Refreshing native plugins compatible for Editor in 4.62 ms, found 3 plugins.
Preloading 0 native plugins for Editor in 0.00 ms.
Unloading 5954 Unused Serialized files (Serialized files now loaded: 0)
Unloading 66 unused Assets / (439.8 KB). Loaded Objects now: 6568.
Memory consumption went from 362.5 MB to 362.0 MB.
Total: 10.243691 ms (FindLiveObjects: 0.560130 ms CreateObjectMapping: 0.614893 ms MarkObjects: 8.668958 ms  DeleteObjects: 0.397889 ms)

AssetImportParameters requested are different than current active one (requested -> active):
  custom:video-decoder-ogg-theora: a1e56fd34408186e4bbccfd4996cb3dc -> 
  custom:container-muxer-webm: aa71ff27fc2769a1b78a27578f13a17b -> 
  custom:container-demuxer-webm: 4f35f7cbe854078d1ac9338744f61a02 -> 
  custom:video-encoder-webm-vp8: eb34c28f22e8b96e1ab97ce403110664 -> 
  custom:framework-osx-AVFoundation: e770b220cccbd017edd2c1fefb359320 -> 
  custom:audio-encoder-webm-vorbis: bf7c407c2cedff20999df2af8eb42d56 -> 
  custom:container-demuxer-ogg: 62fdf1f143b41e24485cea50d1cbac27 -> 
  custom:video-decoder-webm-vp8: 9c59270c3fd7afecdb556c50c9e8de78 -> 
  custom:audio-decoder-ogg-vorbis: bf7c407c2cedff20999df2af8eb42d56 -> 
========================================================================
Received Import Request.
  Time since last request: 5855.319712 seconds.
  path: Assets/Assets/TILES/CaveFloor/transitionground.psd
  artifactKey: Guid(6136c3b448e874add9888624505af7bf) Importer(815301076,1909f56bfc062723c751e8b465ee728b)
Start importing Assets/Assets/TILES/CaveFloor/transitionground.psd using Guid(6136c3b448e874add9888624505af7bf) Importer(815301076,1909f56bfc062723c751e8b465ee728b)  -> (artifact id: 'c7535418346c0bdec0bda967af066dd8') in 0.314247 seconds 
========================================================================
Received Import Request.
  Time since last request: 23.937724 seconds.
  path: Assets/Assets/TILES/CaveFloor/transitionground.psd
  artifactKey: Guid(6136c3b448e874add9888624505af7bf) Importer(815301076,1909f56bfc062723c751e8b465ee728b)
Start importing Assets/Assets/TILES/CaveFloor/transitionground.psd using Guid(6136c3b448e874add9888624505af7bf) Importer(815301076,1909f56bfc062723c751e8b465ee728b)  -> (artifact id: '3bb5d225c4a33c0a1cf43767024a7f80') in 0.027929 seconds 
========================================================================
Received Import Request.
  Time since last request: 7.108001 seconds.
  path: Assets/Assets/TILES/CaveFloor/CaveFloor.prefab
  artifactKey: Guid(9057f4e79b91d4626bccc4b074927bfa) Importer(815301076,1909f56bfc062723c751e8b465ee728b)
Start importing Assets/Assets/TILES/CaveFloor/CaveFloor.prefab using Guid(9057f4e79b91d4626bccc4b074927bfa) Importer(815301076,1909f56bfc062723c751e8b465ee728b)  -> (artifact id: 'd0a26086abc69dc1e38f7ee55fa720a4') in 0.274963 seconds 
========================================================================
Received Import Request.
  Time since last request: 166.114497 seconds.
  path: Assets/Assets/TILES/CaveFloor/bg.psd
  artifactKey: Guid(758e3054a944f423dbc0ef0efaffe68f) Importer(815301076,1909f56bfc062723c751e8b465ee728b)
Start importing Assets/Assets/TILES/CaveFloor/bg.psd using Guid(758e3054a944f423dbc0ef0efaffe68f) Importer(815301076,1909f56bfc062723c751e8b465ee728b)  -> (artifact id: 'fe71479ef2f9f6d9704473b2da18f664') in 0.022151 seconds 
========================================================================
Received Import Request.
  Time since last request: 24.280010 seconds.
  path: Assets/Assets/TILES/CaveFloor/bg.psd
  artifactKey: Guid(758e3054a944f423dbc0ef0efaffe68f) Importer(815301076,1909f56bfc062723c751e8b465ee728b)
Start importing Assets/Assets/TILES/CaveFloor/bg.psd using Guid(758e3054a944f423dbc0ef0efaffe68f) Importer(815301076,1909f56bfc062723c751e8b465ee728b)  -> (artifact id: '934104f344ebff2f5e2b206375a57be0') in 0.026671 seconds 
========================================================================
Received Import Request.
  Time since last request: 180.119040 seconds.
  path: Assets/Assets/TILES/CaveFloor/oceandown.psd
  artifactKey: Guid(e40e77ae6db3043b6bf878a36148b060) Importer(815301076,1909f56bfc062723c751e8b465ee728b)
Start importing Assets/Assets/TILES/CaveFloor/oceandown.psd using Guid(e40e77ae6db3043b6bf878a36148b060) Importer(815301076,1909f56bfc062723c751e8b465ee728b)  -> (artifact id: '93cc4c38b30715a003e1cfd6a2206aae') in 0.020484 seconds 
========================================================================
Received Import Request.
  Time since last request: 13.687433 seconds.
  path: Assets/Assets/TILES/CaveFloor/oceandown.psd
  artifactKey: Guid(e40e77ae6db3043b6bf878a36148b060) Importer(815301076,1909f56bfc062723c751e8b465ee728b)
Start importing Assets/Assets/TILES/CaveFloor/oceandown.psd using Guid(e40e77ae6db3043b6bf878a36148b060) Importer(815301076,1909f56bfc062723c751e8b465ee728b)  -> (artifact id: 'b4c21ba0f79b287502316cbc8fb5b917') in 0.026116 seconds 
========================================================================
Received Prepare
Registering precompiled user dll's ...
Registered in 0.006011 seconds.
Begin MonoManager ReloadAssembly
Symbol file LoadedFromMemory doesn't match image /Users/samanthazak/2022SystemsFinalSam/TheDescender/Library/PackageCache/com.unity.visualscripting@1.7.8/Editor/VisualScripting.Core/Dependencies/DotNetZip/Unity.VisualScripting.IonicZip.dll
Symbol file LoadedFromMemory doesn't match image /Users/samanthazak/2022SystemsFinalSam/TheDescender/Library/PackageCache/com.unity.visualscripting@1.7.8/Editor/VisualScripting.Core/Dependencies/YamlDotNet/Unity.VisualScripting.YamlDotNet.dll
Native extension for OSXStandalone target not found
Native extension for WebGL target not found
Refreshing native plugins compatible for Editor in 1.63 ms, found 3 plugins.
Preloading 0 native plugins for Editor in 0.00 ms.
Mono: successfully reloaded assembly
- Completed reload, in  1.687 seconds
Domain Reload Profiling:
	ReloadAssembly (1688ms)
		BeginReloadAssembly (198ms)
			ExecutionOrderSort (0ms)
			DisableScriptedObjects (11ms)
			BackupInstance (0ms)
			ReleaseScriptingObjects (0ms)
			CreateAndSetChildDomain (87ms)
		EndReloadAssembly (1371ms)
			LoadAssemblies (127ms)
			RebuildTransferFunctionScriptingTraits (0ms)
			SetupTypeCache (402ms)
			ReleaseScriptCaches (2ms)
			RebuildScriptCaches (80ms)
			SetupLoadedEditorAssemblies (662ms)
				LogAssemblyErrors (0ms)
				InitializePlatformSupportModulesInManaged (11ms)
				SetLoadedEditorAssemblies (1ms)
				RefreshPlugins (2ms)
				BeforeProcessingInitializeOnLoad (101ms)
				ProcessInitializeOnLoadAttributes (313ms)
				ProcessInitializeOnLoadMethodAttributes (233ms)
				AfterProcessingInitializeOnLoad (1ms)
				EditorAssembliesLoaded (0ms)
			ExecutionOrderSort2 (0ms)
			AwakeInstancesAfterBackupRestoration (16ms)
Platform modules already initialized, skipping
Refreshing native plugins compatible for Editor in 4.73 ms, found 3 plugins.
Preloading 0 native plugins for Editor in 0.00 ms.
Unloading 5953 Unused Serialized files (Serialized files now loaded: 0)
Unloading 66 unused Assets / (433.2 KB). Loaded Objects now: 6615.
Memory consumption went from 367.2 MB to 366.8 MB.
Total: 10.748186 ms (FindLiveObjects: 0.581540 ms CreateObjectMapping: 0.589099 ms MarkObjects: 8.995332 ms  DeleteObjects: 0.580843 ms)

AssetImportParameters requested are different than current active one (requested -> active):
  custom:video-decoder-ogg-theora: a1e56fd34408186e4bbccfd4996cb3dc -> 
  custom:container-muxer-webm: aa71ff27fc2769a1b78a27578f13a17b -> 
  custom:container-demuxer-webm: 4f35f7cbe854078d1ac9338744f61a02 -> 
  custom:video-encoder-webm-vp8: eb34c28f22e8b96e1ab97ce403110664 -> 
  custom:framework-osx-AVFoundation: e770b220cccbd017edd2c1fefb359320 -> 
  custom:audio-encoder-webm-vorbis: bf7c407c2cedff20999df2af8eb42d56 -> 
  custom:container-demuxer-ogg: 62fdf1f143b41e24485cea50d1cbac27 -> 
  custom:video-decoder-webm-vp8: 9c59270c3fd7afecdb556c50c9e8de78 -> 
  custom:audio-decoder-ogg-vorbis: bf7c407c2cedff20999df2af8eb42d56 -> 
========================================================================
Received Prepare
Registering precompiled user dll's ...
Registered in 0.006984 seconds.
Begin MonoManager ReloadAssembly
Symbol file LoadedFromMemory doesn't match image /Users/samanthazak/2022SystemsFinalSam/TheDescender/Library/PackageCache/com.unity.visualscripting@1.7.8/Editor/VisualScripting.Core/Dependencies/DotNetZip/Unity.VisualScripting.IonicZip.dll
Symbol file LoadedFromMemory doesn't match image /Users/samanthazak/2022SystemsFinalSam/TheDescender/Library/PackageCache/com.unity.visualscripting@1.7.8/Editor/VisualScripting.Core/Dependencies/YamlDotNet/Unity.VisualScripting.YamlDotNet.dll
Native extension for OSXStandalone target not found
Native extension for WebGL target not found
Refreshing native plugins compatible for Editor in 1.77 ms, found 3 plugins.
Preloading 0 native plugins for Editor in 0.00 ms.
Mono: successfully reloaded assembly
- Completed reload, in  1.929 seconds
Domain Reload Profiling:
	ReloadAssembly (1930ms)
		BeginReloadAssembly (203ms)
			ExecutionOrderSort (0ms)
			DisableScriptedObjects (11ms)
			BackupInstance (0ms)
			ReleaseScriptingObjects (0ms)
			CreateAndSetChildDomain (77ms)
		EndReloadAssembly (1581ms)
			LoadAssemblies (154ms)
			RebuildTransferFunctionScriptingTraits (0ms)
			SetupTypeCache (457ms)
			ReleaseScriptCaches (2ms)
			RebuildScriptCaches (89ms)
			SetupLoadedEditorAssemblies (763ms)
				LogAssemblyErrors (0ms)
				InitializePlatformSupportModulesInManaged (13ms)
				SetLoadedEditorAssemblies (1ms)
				RefreshPlugins (2ms)
				BeforeProcessingInitializeOnLoad (115ms)
				ProcessInitializeOnLoadAttributes (361ms)
				ProcessInitializeOnLoadMethodAttributes (270ms)
				AfterProcessingInitializeOnLoad (1ms)
				EditorAssembliesLoaded (0ms)
			ExecutionOrderSort2 (0ms)
			AwakeInstancesAfterBackupRestoration (20ms)
Platform modules already initialized, skipping
Refreshing native plugins compatible for Editor in 4.54 ms, found 3 plugins.
Preloading 0 native plugins for Editor in 0.00 ms.
Unloading 5954 Unused Serialized files (Serialized files now loaded: 0)
Unloading 66 unused Assets / (433.0 KB). Loaded Objects now: 6618.
Memory consumption went from 367.5 MB to 367.1 MB.
Total: 11.122248 ms (FindLiveObjects: 0.611085 ms CreateObjectMapping: 0.597103 ms MarkObjects: 9.475705 ms  DeleteObjects: 0.437305 ms)

AssetImportParameters requested are different than current active one (requested -> active):
  custom:video-decoder-ogg-theora: a1e56fd34408186e4bbccfd4996cb3dc -> 
  custom:container-muxer-webm: aa71ff27fc2769a1b78a27578f13a17b -> 
  custom:container-demuxer-webm: 4f35f7cbe854078d1ac9338744f61a02 -> 
  custom:video-encoder-webm-vp8: eb34c28f22e8b96e1ab97ce403110664 -> 
  custom:framework-osx-AVFoundation: e770b220cccbd017edd2c1fefb359320 -> 
  custom:audio-encoder-webm-vorbis: bf7c407c2cedff20999df2af8eb42d56 -> 
  custom:container-demuxer-ogg: 62fdf1f143b41e24485cea50d1cbac27 -> 
  custom:video-decoder-webm-vp8: 9c59270c3fd7afecdb556c50c9e8de78 -> 
  custom:audio-decoder-ogg-vorbis: bf7c407c2cedff20999df2af8eb42d56 -> 
========================================================================
Received Import Request.
  Time since last request: 421.191453 seconds.
  path: Assets/Assets/TILES/CaveFloor/oceandownblackout.png
  artifactKey: Guid(008e857da5d2c4f0781a9a0ed3695c02) Importer(815301076,1909f56bfc062723c751e8b465ee728b)
Start importing Assets/Assets/TILES/CaveFloor/oceandownblackout.png using Guid(008e857da5d2c4f0781a9a0ed3695c02) Importer(815301076,1909f56bfc062723c751e8b465ee728b)  -> (artifact id: '023da71e768d88bf61b9abbf34c9b1d5') in 0.266349 seconds 
========================================================================
Received Import Request.
  Time since last request: 48.623784 seconds.
  path: Assets/Assets/TILES/CaveFloor/oceanupblackout.png
  artifactKey: Guid(792834678ab334b8081ffedce9367bbd) Importer(815301076,1909f56bfc062723c751e8b465ee728b)
Start importing Assets/Assets/TILES/CaveFloor/oceanupblackout.png using Guid(792834678ab334b8081ffedce9367bbd) Importer(815301076,1909f56bfc062723c751e8b465ee728b)  -> (artifact id: 'fb1669de5bb05ec2445e93219f1e8e0e') in 0.024215 seconds 
========================================================================
Received Import Request.
  Time since last request: 29.340715 seconds.
  path: Assets/Assets/TILES/CaveFloor/oceanupblackout.png
  artifactKey: Guid(792834678ab334b8081ffedce9367bbd) Importer(815301076,1909f56bfc062723c751e8b465ee728b)
Start importing Assets/Assets/TILES/CaveFloor/oceanupblackout.png using Guid(792834678ab334b8081ffedce9367bbd) Importer(815301076,1909f56bfc062723c751e8b465ee728b)  -> (artifact id: '99fdd983a89f2c63bc90a9db61ebfc49') in 0.037564 seconds 
========================================================================
Received Import Request.
  Time since last request: 780.725661 seconds.
  path: Assets/Assets/TILES/CaveFloor/oceanuptransparent.png
  artifactKey: Guid(60c76f525530b4cd8b5a7ef86d8c8646) Importer(815301076,1909f56bfc062723c751e8b465ee728b)
Start importing Assets/Assets/TILES/CaveFloor/oceanuptransparent.png using Guid(60c76f525530b4cd8b5a7ef86d8c8646) Importer(815301076,1909f56bfc062723c751e8b465ee728b)  -> (artifact id: '80387740c464cfdae3c0c6a9bc8baebf') in 0.019578 seconds 
========================================================================
Received Import Request.
  Time since last request: 17.652608 seconds.
  path: Assets/Assets/TILES/CaveFloor/oceanuptransparent.png
  artifactKey: Guid(60c76f525530b4cd8b5a7ef86d8c8646) Importer(815301076,1909f56bfc062723c751e8b465ee728b)
Start importing Assets/Assets/TILES/CaveFloor/oceanuptransparent.png using Guid(60c76f525530b4cd8b5a7ef86d8c8646) Importer(815301076,1909f56bfc062723c751e8b465ee728b)  -> (artifact id: '7d4fdc5dfa0ec9f6063a3af8c368db9d') in 0.038359 seconds 
========================================================================
Received Import Request.
  Time since last request: 193.948739 seconds.
  path: Assets/Assets/TILES/CaveFloor/oceanleft.png
  artifactKey: Guid(087c0ae4092894b0c80d0e3ff9849c54) Importer(815301076,1909f56bfc062723c751e8b465ee728b)
Start importing Assets/Assets/TILES/CaveFloor/oceanleft.png using Guid(087c0ae4092894b0c80d0e3ff9849c54) Importer(815301076,1909f56bfc062723c751e8b465ee728b)  -> (artifact id: '04ae7b1c64e2122b4e150694561a26fa') in 0.026474 seconds 
========================================================================
Received Import Request.
  Time since last request: 53.938865 seconds.
  path: Assets/Assets/TILES/CaveFloor/oceanupdown.png
  artifactKey: Guid(b8cee753741aa41f9a283fc2517e8f4a) Importer(815301076,1909f56bfc062723c751e8b465ee728b)
Start importing Assets/Assets/TILES/CaveFloor/oceanupdown.png using Guid(b8cee753741aa41f9a283fc2517e8f4a) Importer(815301076,1909f56bfc062723c751e8b465ee728b)  -> (artifact id: '685aa080d7e5598581f6d11e0c0507e2') in 0.018019 seconds 
========================================================================
Received Import Request.
  Time since last request: 347.467948 seconds.
  path: Assets/Assets/TILES/CaveFloor/oceancurveLL.png
  artifactKey: Guid(4b610014850644538af5d80d8cf92654) Importer(815301076,1909f56bfc062723c751e8b465ee728b)
Start importing Assets/Assets/TILES/CaveFloor/oceancurveLL.png using Guid(4b610014850644538af5d80d8cf92654) Importer(815301076,1909f56bfc062723c751e8b465ee728b)  -> (artifact id: '8ec6ea65fc08df9850eab79763585e25') in 0.021993 seconds 
========================================================================
Received Import Request.
  Time since last request: 0.000094 seconds.
  path: Assets/Assets/TILES/CaveFloor/oceancurveRR.png
  artifactKey: Guid(d1ec75ca70f9d47138f6ff3c520dc8b8) Importer(815301076,1909f56bfc062723c751e8b465ee728b)
Start importing Assets/Assets/TILES/CaveFloor/oceancurveRR.png using Guid(d1ec75ca70f9d47138f6ff3c520dc8b8) Importer(815301076,1909f56bfc062723c751e8b465ee728b)  -> (artifact id: 'b234256e11ebaeb1516ed3e96e04acf3') in 0.024320 seconds 
========================================================================
Received Import Request.
  Time since last request: 18.521673 seconds.
  path: Assets/Assets/TILES/CaveFloor/oceancurveLL.png
  artifactKey: Guid(4b610014850644538af5d80d8cf92654) Importer(815301076,1909f56bfc062723c751e8b465ee728b)
Start importing Assets/Assets/TILES/CaveFloor/oceancurveLL.png using Guid(4b610014850644538af5d80d8cf92654) Importer(815301076,1909f56bfc062723c751e8b465ee728b)  -> (artifact id: '0e30ef602ca6c601e56f3a5b812f6851') in 0.037191 seconds 
========================================================================
Received Import Request.
  Time since last request: 13.221523 seconds.
  path: Assets/Assets/TILES/CaveFloor/oceancurveRdown.png
  artifactKey: Guid(3d57a098040db481e90e15b7d91fd7e6) Importer(815301076,1909f56bfc062723c751e8b465ee728b)
Start importing Assets/Assets/TILES/CaveFloor/oceancurveRdown.png using Guid(3d57a098040db481e90e15b7d91fd7e6) Importer(815301076,1909f56bfc062723c751e8b465ee728b)  -> (artifact id: '31c270e30cd67a97ba48d708add0ef6f') in 0.040219 seconds 
========================================================================
Received Import Request.
  Time since last request: 9.323950 seconds.
  path: Assets/Assets/TILES/CaveFloor/oceancurveRR.png
  artifactKey: Guid(d1ec75ca70f9d47138f6ff3c520dc8b8) Importer(815301076,1909f56bfc062723c751e8b465ee728b)
Start importing Assets/Assets/TILES/CaveFloor/oceancurveRR.png using Guid(d1ec75ca70f9d47138f6ff3c520dc8b8) Importer(815301076,1909f56bfc062723c751e8b465ee728b)  -> (artifact id: 'f59d4e9e813e5980e8ed3178875afbdc') in 0.031666 seconds 
========================================================================
Received Import Request.
  Time since last request: 8.630309 seconds.
  path: Assets/Assets/TILES/CaveFloor/oceancurveRR1.png
  artifactKey: Guid(911a982222674475e80f334eaada6f57) Importer(815301076,1909f56bfc062723c751e8b465ee728b)
Start importing Assets/Assets/TILES/CaveFloor/oceancurveRR1.png using Guid(911a982222674475e80f334eaada6f57) Importer(815301076,1909f56bfc062723c751e8b465ee728b)  -> (artifact id: 'd64ad0fe03c90e793337d440eba54f11') in 0.037372 seconds 
========================================================================
Received Import Request.
  Time since last request: 18.032254 seconds.
  path: Assets/Assets/TILES/CaveFloor/oceanright.png
  artifactKey: Guid(35b9cebfe19e04b07823d030a800174d) Importer(815301076,1909f56bfc062723c751e8b465ee728b)
Start importing Assets/Assets/TILES/CaveFloor/oceanright.png using Guid(35b9cebfe19e04b07823d030a800174d) Importer(815301076,1909f56bfc062723c751e8b465ee728b)  -> (artifact id: '4eb8ec3e04232846956527fc214ee5f0') in 0.042760 seconds 
========================================================================
Received Import Request.
  Time since last request: 15.577471 seconds.
  path: Assets/Assets/TILES/CaveFloor/oceanleft.png
  artifactKey: Guid(087c0ae4092894b0c80d0e3ff9849c54) Importer(815301076,1909f56bfc062723c751e8b465ee728b)
Start importing Assets/Assets/TILES/CaveFloor/oceanleft.png using Guid(087c0ae4092894b0c80d0e3ff9849c54) Importer(815301076,1909f56bfc062723c751e8b465ee728b)  -> (artifact id: '511ae189527321a81b146abfc9ec8704') in 0.036661 seconds 
========================================================================
Received Import Request.
  Time since last request: 8.731902 seconds.
  path: Assets/Assets/TILES/CaveFloor/oceanupdown.png
  artifactKey: Guid(b8cee753741aa41f9a283fc2517e8f4a) Importer(815301076,1909f56bfc062723c751e8b465ee728b)
Start importing Assets/Assets/TILES/CaveFloor/oceanupdown.png using Guid(b8cee753741aa41f9a283fc2517e8f4a) Importer(815301076,1909f56bfc062723c751e8b465ee728b)  -> (artifact id: '6be7a4f9fe17b0b67da3378b6beb12e5') in 0.034055 seconds 
========================================================================
Received Import Request.
  Time since last request: 184.739745 seconds.
  path: Assets/Assets/TILES/Forest/Forest.prefab
  artifactKey: Guid(6882c92af28344392a90966d94371fb7) Importer(815301076,1909f56bfc062723c751e8b465ee728b)
Start importing Assets/Assets/TILES/Forest/Forest.prefab using Guid(6882c92af28344392a90966d94371fb7) Importer(815301076,1909f56bfc062723c751e8b465ee728b)  -> (artifact id: '79ed396c502afd2d32e7680822a06c90') in 0.585539 seconds 
========================================================================
Received Import Request.
  Time since last request: 2.988251 seconds.
  path: Assets/Assets/TILES/Ground/tilesofficialni_0.asset
  artifactKey: Guid(2ecfd712375444673b434100d76f01a3) Importer(815301076,1909f56bfc062723c751e8b465ee728b)
Start importing Assets/Assets/TILES/Ground/tilesofficialni_0.asset using Guid(2ecfd712375444673b434100d76f01a3) Importer(815301076,1909f56bfc062723c751e8b465ee728b)  -> (artifact id: 'cb3894ec1612f9caeb91618f0b24a644') in 0.242665 seconds 
========================================================================
Received Import Request.
  Time since last request: 0.000176 seconds.
  path: Assets/Assets/TILES/Ground/tilesofficialni_9.asset
  artifactKey: Guid(f530e4495d33747dc88ab38de6817bdc) Importer(815301076,1909f56bfc062723c751e8b465ee728b)
Start importing Assets/Assets/TILES/Ground/tilesofficialni_9.asset using Guid(f530e4495d33747dc88ab38de6817bdc) Importer(815301076,1909f56bfc062723c751e8b465ee728b)  -> (artifact id: 'cc1db3484cc572773a7ced61b1d956d0') in 0.015134 seconds 
========================================================================
Received Import Request.
  Time since last request: 0.000187 seconds.
  path: Assets/Assets/TILES/Ground/tilesofficialni_17.asset
  artifactKey: Guid(6b6e7a7d75724434bb0eff2e57346794) Importer(815301076,1909f56bfc062723c751e8b465ee728b)
Start importing Assets/Assets/TILES/Ground/tilesofficialni_17.asset using Guid(6b6e7a7d75724434bb0eff2e57346794) Importer(815301076,1909f56bfc062723c751e8b465ee728b)  -> (artifact id: '7af3855ba6c1a9b32cc164a32be32b3d') in 0.013934 seconds 
========================================================================
Received Import Request.
  Time since last request: 0.000161 seconds.
  path: Assets/Assets/TILES/Ground/tilesofficialni_16.asset
  artifactKey: Guid(52e4e37de44a54e0ead0bc1185c1f3a4) Importer(815301076,1909f56bfc062723c751e8b465ee728b)
Start importing Assets/Assets/TILES/Ground/tilesofficialni_16.asset using Guid(52e4e37de44a54e0ead0bc1185c1f3a4) Importer(815301076,1909f56bfc062723c751e8b465ee728b)  -> (artifact id: '4b3f88dac7aeef9707d07c9f489ad585') in 0.015177 seconds 
========================================================================
Received Import Request.
  Time since last request: 0.000151 seconds.
  path: Assets/Assets/TILES/Ground/tilesofficialni_7.asset
  artifactKey: Guid(26cb258787b9d460990f6255e1d9a116) Importer(815301076,1909f56bfc062723c751e8b465ee728b)
Start importing Assets/Assets/TILES/Ground/tilesofficialni_7.asset using Guid(26cb258787b9d460990f6255e1d9a116) Importer(815301076,1909f56bfc062723c751e8b465ee728b)  -> (artifact id: 'fb0774a97ce70689cad80185357953e0') in 0.011097 seconds 
========================================================================
Received Import Request.
  Time since last request: 0.000127 seconds.
  path: Assets/Assets/TILES/Ground/tilesofficialni_12.asset
  artifactKey: Guid(b0dd5c77d9ba6465185a267c67153970) Importer(815301076,1909f56bfc062723c751e8b465ee728b)
Start importing Assets/Assets/TILES/Ground/tilesofficialni_12.asset using Guid(b0dd5c77d9ba6465185a267c67153970) Importer(815301076,1909f56bfc062723c751e8b465ee728b)  -> (artifact id: 'd6c31607e9d07bd456de5449cab385bb') in 0.012501 seconds 
========================================================================
Received Import Request.
  Time since last request: 1524.366942 seconds.
  path: Assets/Assets/TILES/CaveFloor/grounddisintegratedown.png
  artifactKey: Guid(89438e0dfd4184960beddc18198dcfd0) Importer(815301076,1909f56bfc062723c751e8b465ee728b)
Start importing Assets/Assets/TILES/CaveFloor/grounddisintegratedown.png using Guid(89438e0dfd4184960beddc18198dcfd0) Importer(815301076,1909f56bfc062723c751e8b465ee728b)  -> (artifact id: 'e4df88c24be7f32bf4e3c4286eefd131') in 0.027198 seconds 
========================================================================
Received Import Request.
  Time since last request: 39.211444 seconds.
  path: Assets/Assets/TILES/CaveFloor/transparentdownground.png
  artifactKey: Guid(4916647544cac4689aa2eb43752a6011) Importer(815301076,1909f56bfc062723c751e8b465ee728b)
Start importing Assets/Assets/TILES/CaveFloor/transparentdownground.png using Guid(4916647544cac4689aa2eb43752a6011) Importer(815301076,1909f56bfc062723c751e8b465ee728b)  -> (artifact id: 'd697aa13e0bb8580a6a4c76806ea3115') in 0.021331 seconds 
========================================================================
Received Import Request.
  Time since last request: 121.042219 seconds.
  path: Assets/Assets/TILES/CaveFloor/transparentgroundright.png
  artifactKey: Guid(7871b14ecd1c54be7a4b641101bbbde8) Importer(815301076,1909f56bfc062723c751e8b465ee728b)
Start importing Assets/Assets/TILES/CaveFloor/transparentgroundright.png using Guid(7871b14ecd1c54be7a4b641101bbbde8) Importer(815301076,1909f56bfc062723c751e8b465ee728b)  -> (artifact id: 'f245ab883b0a03d61849292df3197fbf') in 0.024803 seconds 
========================================================================
Received Import Request.
  Time since last request: 2.077078 seconds.
  path: Assets/Assets/TILES/CaveFloor/transparentleftground.png
  artifactKey: Guid(4af0bcd955c0e4e3bb87af45bd237aa0) Importer(815301076,1909f56bfc062723c751e8b465ee728b)
Start importing Assets/Assets/TILES/CaveFloor/transparentleftground.png using Guid(4af0bcd955c0e4e3bb87af45bd237aa0) Importer(815301076,1909f56bfc062723c751e8b465ee728b)  -> (artifact id: '1e967e18200c9e067a6a91d5767665b0') in 0.021103 seconds 
========================================================================
Received Import Request.
  Time since last request: 24.995461 seconds.
  path: Assets/Assets/TILES/CaveFloor/transparentdownground.png
  artifactKey: Guid(4916647544cac4689aa2eb43752a6011) Importer(815301076,1909f56bfc062723c751e8b465ee728b)
Start importing Assets/Assets/TILES/CaveFloor/transparentdownground.png using Guid(4916647544cac4689aa2eb43752a6011) Importer(815301076,1909f56bfc062723c751e8b465ee728b)  -> (artifact id: 'd74f00d5a0065af2efa10f30b738c3e5') in 0.036322 seconds 
========================================================================
Received Import Request.
  Time since last request: 0.000111 seconds.
  path: Assets/Assets/TILES/CaveFloor/transparentgroundup.png
  artifactKey: Guid(a2288164317424a50a10b029912804cf) Importer(815301076,1909f56bfc062723c751e8b465ee728b)
Start importing Assets/Assets/TILES/CaveFloor/transparentgroundup.png using Guid(a2288164317424a50a10b029912804cf) Importer(815301076,1909f56bfc062723c751e8b465ee728b)  -> (artifact id: '072daaff85126cc7d99961576bc1ba47') in 0.023998 seconds 
========================================================================
Received Import Request.
  Time since last request: 27.047448 seconds.
  path: Assets/Assets/TILES/CaveFloor/CaveFloor.prefab
  artifactKey: Guid(9057f4e79b91d4626bccc4b074927bfa) Importer(815301076,1909f56bfc062723c751e8b465ee728b)
Start importing Assets/Assets/TILES/CaveFloor/CaveFloor.prefab using Guid(9057f4e79b91d4626bccc4b074927bfa) Importer(815301076,1909f56bfc062723c751e8b465ee728b)  -> (artifact id: '3afb06c255ae48fb15b4fafaa87a7bd2') in 0.031978 seconds 
========================================================================
Received Import Request.
  Time since last request: 4.305165 seconds.
  path: Assets/Assets/TILES/CaveFloor/CaveFloor.prefab
  artifactKey: Guid(9057f4e79b91d4626bccc4b074927bfa) Importer(815301076,1909f56bfc062723c751e8b465ee728b)
Start importing Assets/Assets/TILES/CaveFloor/CaveFloor.prefab using Guid(9057f4e79b91d4626bccc4b074927bfa) Importer(815301076,1909f56bfc062723c751e8b465ee728b)  -> (artifact id: '34675d349c468861fea55ccd81d76133') in 0.028259 seconds 
========================================================================
Received Import Request.
  Time since last request: 3.776124 seconds.
  path: Assets/Assets/TILES/CaveFloor/CaveFloor.prefab
  artifactKey: Guid(9057f4e79b91d4626bccc4b074927bfa) Importer(815301076,1909f56bfc062723c751e8b465ee728b)
Start importing Assets/Assets/TILES/CaveFloor/CaveFloor.prefab using Guid(9057f4e79b91d4626bccc4b074927bfa) Importer(815301076,1909f56bfc062723c751e8b465ee728b)  -> (artifact id: '7349cc48361041eae42c7baf6e89bdbb') in 0.023819 seconds 
========================================================================
Received Import Request.
  Time since last request: 6.545267 seconds.
  path: Assets/Assets/TILES/CaveFloor/CaveFloor.prefab
  artifactKey: Guid(9057f4e79b91d4626bccc4b074927bfa) Importer(815301076,1909f56bfc062723c751e8b465ee728b)
Start importing Assets/Assets/TILES/CaveFloor/CaveFloor.prefab using Guid(9057f4e79b91d4626bccc4b074927bfa) Importer(815301076,1909f56bfc062723c751e8b465ee728b)  -> (artifact id: '3d23682e5159352bf5e0a3edbdee2a92') in 0.025347 seconds 
========================================================================
Received Import Request.
  Time since last request: 170.975021 seconds.
  path: ProjectSettings/TagManager.asset
  artifactKey: Guid(00000000000000003000000000000000) Importer(815301076,1909f56bfc062723c751e8b465ee728b)
Start importing ProjectSettings/TagManager.asset using Guid(00000000000000003000000000000000) Importer(815301076,1909f56bfc062723c751e8b465ee728b)  -> (artifact id: '0e68d1b7e61a2d9e0d9224257f313e03') in 0.003656 seconds 
