Unity Editor version:    2021.3.6f1 (7da38d85baf6)
Branch:                  2021.3/staging
Build type:              Release
Batch mode:              YES
macOS version:           Version 12.3.1 (Build 21E258)
Darwin version:          21.4.0
Architecture:            x86_64
Running under Rosetta:   NO
Available memory:        16384 MB
Using pre-set license
Pro License: YES

COMMAND LINE ARGUMENTS:
/Applications/Unity/Hub/Editor/2021.3.6f1/Unity.app/Contents/MacOS/Unity
-adb2
-batchMode
-noUpm
-name
AssetImportWorker5
-projectPath
/Users/samanthazak/2022SystemsFinalSam/TheDescender
-logFile
Logs/AssetImportWorker5.log
-srvPort
59922
Successfully changed project path to: /Users/samanthazak/2022SystemsFinalSam/TheDescender
/Users/samanthazak/2022SystemsFinalSam/TheDescender
[UnityMemory] Configuration Parameters - Can be set up in boot.config
    "memorysetup-bucket-allocator-granularity=16"
    "memorysetup-bucket-allocator-bucket-count=8"
    "memorysetup-bucket-allocator-block-size=33554432"
    "memorysetup-bucket-allocator-block-count=8"
    "memorysetup-main-allocator-block-size=16777216"
    "memorysetup-thread-allocator-block-size=16777216"
    "memorysetup-gfx-main-allocator-block-size=16777216"
    "memorysetup-gfx-thread-allocator-block-size=16777216"
    "memorysetup-cache-allocator-block-size=4194304"
    "memorysetup-typetree-allocator-block-size=2097152"
    "memorysetup-profiler-bucket-allocator-granularity=16"
    "memorysetup-profiler-bucket-allocator-bucket-count=8"
    "memorysetup-profiler-bucket-allocator-block-size=33554432"
    "memorysetup-profiler-bucket-allocator-block-count=8"
    "memorysetup-profiler-allocator-block-size=16777216"
    "memorysetup-profiler-editor-allocator-block-size=1048576"
    "memorysetup-temp-allocator-size-main=16777216"
    "memorysetup-job-temp-allocator-block-size=2097152"
    "memorysetup-job-temp-allocator-block-size-background=1048576"
    "memorysetup-job-temp-allocator-reduction-small-platforms=262144"
    "memorysetup-temp-allocator-size-background-worker=32768"
    "memorysetup-temp-allocator-size-job-worker=262144"
    "memorysetup-temp-allocator-size-preload-manager=33554432"
    "memorysetup-temp-allocator-size-nav-mesh-worker=65536"
    "memorysetup-temp-allocator-size-audio-worker=65536"
    "memorysetup-temp-allocator-size-cloud-worker=32768"
    "memorysetup-temp-allocator-size-gi-baking-worker=262144"
    "memorysetup-temp-allocator-size-gfx=262144"
Refreshing native plugins compatible for Editor in 199.19 ms, found 3 plugins.
Preloading 0 native plugins for Editor in 0.00 ms.
Initialize engine version: 2021.3.6f1 (7da38d85baf6)
[Subsystems] Discovering subsystems at path /Applications/Unity/Hub/Editor/2021.3.6f1/Unity.app/Contents/Resources/UnitySubsystems
[Subsystems] Discovering subsystems at path /Users/samanthazak/2022SystemsFinalSam/TheDescender/Assets
GfxDevice: creating device client; threaded=0; jobified=0
Color LCD preferred device: AMD Radeon Pro 555X (high power)
Metal devices available: 2
0: AMD Radeon Pro 555X (high power)
1: Intel(R) UHD Graphics 630 (low power)
Using device AMD Radeon Pro 555X (high power)
Initializing Metal device caps: AMD Radeon Pro 555X
Initialize mono
Mono path[0] = '/Applications/Unity/Hub/Editor/2021.3.6f1/Unity.app/Contents/Managed'
Mono path[1] = '/Applications/Unity/Hub/Editor/2021.3.6f1/Unity.app/Contents/MonoBleedingEdge/lib/mono/unityjit-macos'
Mono config path = '/Applications/Unity/Hub/Editor/2021.3.6f1/Unity.app/Contents/MonoBleedingEdge/etc'
Using monoOptions --debugger-agent=transport=dt_socket,embedding=1,server=y,suspend=n,address=127.0.0.1:56054
Begin MonoManager ReloadAssembly
Registering precompiled unity dll's ...
Register platform support module: /Applications/Unity/Hub/Editor/2021.3.6f1/PlaybackEngines/WebGLSupport/UnityEditor.WebGL.Extensions.dll
Register platform support module: /Applications/Unity/Hub/Editor/2021.3.6f1/Unity.app/Contents/PlaybackEngines/MacStandaloneSupport/UnityEditor.OSXStandalone.Extensions.dll
Registered in 0.002673 seconds.
Native extension for OSXStandalone target not found
Native extension for WebGL target not found
Refreshing native plugins compatible for Editor in 133.54 ms, found 3 plugins.
Preloading 0 native plugins for Editor in 0.00 ms.
Mono: successfully reloaded assembly
- Completed reload, in  0.838 seconds
Domain Reload Profiling:
	ReloadAssembly (838ms)
		BeginReloadAssembly (122ms)
			ExecutionOrderSort (0ms)
			DisableScriptedObjects (0ms)
			BackupInstance (0ms)
			ReleaseScriptingObjects (0ms)
			CreateAndSetChildDomain (1ms)
		EndReloadAssembly (583ms)
			LoadAssemblies (125ms)
			RebuildTransferFunctionScriptingTraits (0ms)
			SetupTypeCache (132ms)
			ReleaseScriptCaches (0ms)
			RebuildScriptCaches (35ms)
			SetupLoadedEditorAssemblies (358ms)
				LogAssemblyErrors (0ms)
				InitializePlatformSupportModulesInManaged (7ms)
				SetLoadedEditorAssemblies (0ms)
				RefreshPlugins (134ms)
				BeforeProcessingInitializeOnLoad (1ms)
				ProcessInitializeOnLoadAttributes (163ms)
				ProcessInitializeOnLoadMethodAttributes (53ms)
				AfterProcessingInitializeOnLoad (0ms)
				EditorAssembliesLoaded (0ms)
			ExecutionOrderSort2 (0ms)
			AwakeInstancesAfterBackupRestoration (0ms)
Platform modules already initialized, skipping
Registering precompiled user dll's ...
Registered in 0.006032 seconds.
Begin MonoManager ReloadAssembly
Symbol file LoadedFromMemory doesn't match image /Users/samanthazak/2022SystemsFinalSam/TheDescender/Library/PackageCache/com.unity.visualscripting@1.7.8/Editor/VisualScripting.Core/Dependencies/DotNetZip/Unity.VisualScripting.IonicZip.dll
Symbol file LoadedFromMemory doesn't match image /Users/samanthazak/2022SystemsFinalSam/TheDescender/Library/PackageCache/com.unity.visualscripting@1.7.8/Editor/VisualScripting.Core/Dependencies/YamlDotNet/Unity.VisualScripting.YamlDotNet.dll
Native extension for OSXStandalone target not found
Native extension for WebGL target not found
Refreshing native plugins compatible for Editor in 156.56 ms, found 3 plugins.
Preloading 0 native plugins for Editor in 0.00 ms.
Package Manager log level set to [2]
Mono: successfully reloaded assembly
- Completed reload, in  3.398 seconds
Domain Reload Profiling:
	ReloadAssembly (3399ms)
		BeginReloadAssembly (533ms)
			ExecutionOrderSort (0ms)
			DisableScriptedObjects (7ms)
			BackupInstance (0ms)
			ReleaseScriptingObjects (0ms)
			CreateAndSetChildDomain (26ms)
		EndReloadAssembly (2701ms)
			LoadAssemblies (1234ms)
			RebuildTransferFunctionScriptingTraits (0ms)
			SetupTypeCache (436ms)
			ReleaseScriptCaches (1ms)
			RebuildScriptCaches (102ms)
			SetupLoadedEditorAssemblies (1269ms)
				LogAssemblyErrors (0ms)
				InitializePlatformSupportModulesInManaged (5ms)
				SetLoadedEditorAssemblies (0ms)
				RefreshPlugins (157ms)
				BeforeProcessingInitializeOnLoad (144ms)
				ProcessInitializeOnLoadAttributes (716ms)
				ProcessInitializeOnLoadMethodAttributes (246ms)
				AfterProcessingInitializeOnLoad (1ms)
				EditorAssembliesLoaded (0ms)
			ExecutionOrderSort2 (0ms)
			AwakeInstancesAfterBackupRestoration (5ms)
Platform modules already initialized, skipping
========================================================================
Worker process is ready to serve import requests
Launching external process: /Applications/Unity/Hub/Editor/2021.3.6f1/Unity.app/Contents/Tools/UnityShaderCompiler
Launched and connected shader compiler UnityShaderCompiler after 0.08 seconds
Refreshing native plugins compatible for Editor in 1.09 ms, found 3 plugins.
Preloading 0 native plugins for Editor in 0.00 ms.
Unloading 6076 Unused Serialized files (Serialized files now loaded: 0)
Unloading 79 unused Assets / (462.0 KB). Loaded Objects now: 6494.
Memory consumption went from 357.4 MB to 356.9 MB.
Total: 7.857644 ms (FindLiveObjects: 0.443331 ms CreateObjectMapping: 0.398098 ms MarkObjects: 6.694907 ms  DeleteObjects: 0.320424 ms)

AssetImportParameters requested are different than current active one (requested -> active):
  custom:video-decoder-ogg-theora: a1e56fd34408186e4bbccfd4996cb3dc -> 
  custom:container-muxer-webm: aa71ff27fc2769a1b78a27578f13a17b -> 
  custom:container-demuxer-webm: 4f35f7cbe854078d1ac9338744f61a02 -> 
  custom:video-encoder-webm-vp8: eb34c28f22e8b96e1ab97ce403110664 -> 
  custom:framework-osx-AVFoundation: e770b220cccbd017edd2c1fefb359320 -> 
  custom:audio-encoder-webm-vorbis: bf7c407c2cedff20999df2af8eb42d56 -> 
  custom:container-demuxer-ogg: 62fdf1f143b41e24485cea50d1cbac27 -> 
  custom:video-decoder-webm-vp8: 9c59270c3fd7afecdb556c50c9e8de78 -> 
  custom:audio-decoder-ogg-vorbis: bf7c407c2cedff20999df2af8eb42d56 -> 
========================================================================
Received Import Request.
  Time since last request: 338326.887882 seconds.
  path: Assets/Assets/TILES/BigTrees/bigasstrees.prefab
  artifactKey: Guid(9f947f5d8125d449b88c82c2b3e9d158) Importer(815301076,1909f56bfc062723c751e8b465ee728b)
Start importing Assets/Assets/TILES/BigTrees/bigasstrees.prefab using Guid(9f947f5d8125d449b88c82c2b3e9d158) Importer(815301076,1909f56bfc062723c751e8b465ee728b)  -> (artifact id: '0b67b0e44599d979f5cfa35ac15f3b56') in 0.494722 seconds 
========================================================================
Received Import Request.
  Time since last request: 156.360286 seconds.
  path: Assets/Assets/TILES/BigTrees/gridshape 1.psd
  artifactKey: Guid(fa606a4766e854b66ba71863e02bb8af) Importer(815301076,1909f56bfc062723c751e8b465ee728b)
Start importing Assets/Assets/TILES/BigTrees/gridshape 1.psd using Guid(fa606a4766e854b66ba71863e02bb8af) Importer(815301076,1909f56bfc062723c751e8b465ee728b)  -> (artifact id: 'd403bcd6a80bca4d22c08a9a6390e721') in 0.218294 seconds 
========================================================================
Received Import Request.
  Time since last request: 0.000093 seconds.
  path: Assets/Assets/TILES/BigTrees/topleftbigpine.asset
  artifactKey: Guid(a5c441e41e15c456b80ba5dd13b2a765) Importer(815301076,1909f56bfc062723c751e8b465ee728b)
Start importing Assets/Assets/TILES/BigTrees/topleftbigpine.asset using Guid(a5c441e41e15c456b80ba5dd13b2a765) Importer(815301076,1909f56bfc062723c751e8b465ee728b)  -> (artifact id: '4083a22756266fba3b0e59de90de1ffa') in 0.111758 seconds 
========================================================================
Received Import Request.
  Time since last request: 0.000113 seconds.
  path: Assets/Assets/TILES/BigTrees/gridshape 1_2.asset
  artifactKey: Guid(1b18c7f7a3628471abd5f24c21ea1aaf) Importer(815301076,1909f56bfc062723c751e8b465ee728b)
Start importing Assets/Assets/TILES/BigTrees/gridshape 1_2.asset using Guid(1b18c7f7a3628471abd5f24c21ea1aaf) Importer(815301076,1909f56bfc062723c751e8b465ee728b)  -> (artifact id: '2e3722ed1e89cdb177c3b0dd00c735b4') in 0.012201 seconds 
========================================================================
Received Import Request.
  Time since last request: 0.000096 seconds.
  path: Assets/Assets/TILES/BigTrees/gridshape 1_0.asset
  artifactKey: Guid(06c67efdf764c43e9bba2cee8377d37f) Importer(815301076,1909f56bfc062723c751e8b465ee728b)
Start importing Assets/Assets/TILES/BigTrees/gridshape 1_0.asset using Guid(06c67efdf764c43e9bba2cee8377d37f) Importer(815301076,1909f56bfc062723c751e8b465ee728b)  -> (artifact id: '5088a10d466a10cd87ccb3279666f606') in 0.017805 seconds 
========================================================================
Received Import Request.
  Time since last request: 0.000102 seconds.
  path: Assets/Assets/TILES/BigTrees/gridshape 1_1.asset
  artifactKey: Guid(60f5e86ecf7984ea5b698e15e8530681) Importer(815301076,1909f56bfc062723c751e8b465ee728b)
Start importing Assets/Assets/TILES/BigTrees/gridshape 1_1.asset using Guid(60f5e86ecf7984ea5b698e15e8530681) Importer(815301076,1909f56bfc062723c751e8b465ee728b)  -> (artifact id: '9799d98474823cd9e320d1e377a347fb') in 0.011462 seconds 
========================================================================
Received Import Request.
  Time since last request: 0.000089 seconds.
  path: Assets/Assets/TILES/BigTrees/toprightbigpine.asset
  artifactKey: Guid(bb9d72789eec949469a3dc03e60141be) Importer(815301076,1909f56bfc062723c751e8b465ee728b)
Start importing Assets/Assets/TILES/BigTrees/toprightbigpine.asset using Guid(bb9d72789eec949469a3dc03e60141be) Importer(815301076,1909f56bfc062723c751e8b465ee728b)  -> (artifact id: 'f45481a1d0da74e98ac772e0313bb7ab') in 0.011620 seconds 
Editor requested this worker to shutdown with reason: Scaling down because of idle timeout
AssetImportWorker is now disconnected from the server
Process exiting
